CRITICAL - 2022-07-13 06:49:22 --> Undefined variable $data
#0 C:\xampp\htdocs\Codeigniter\CI4\cereal-program-mis\app\Controllers\AdminController.php(110): CodeIgniter\Debug\Exceptions->errorHandler(2, 'Undefined varia...', 'C:\\xampp\\htdocs...', 110)
#1 C:\xampp\htdocs\Codeigniter\CI4\cereal-program-mis\system\CodeIgniter.php(832): App\Controllers\AdminController->adminSave()
#2 C:\xampp\htdocs\Codeigniter\CI4\cereal-program-mis\system\CodeIgniter.php(419): CodeIgniter\CodeIgniter->runController(Object(App\Controllers\AdminController))
#3 C:\xampp\htdocs\Codeigniter\CI4\cereal-program-mis\system\CodeIgniter.php(326): CodeIgniter\CodeIgniter->handleRequest(NULL, Object(Config\Cache), false)
#4 C:\xampp\htdocs\Codeigniter\CI4\cereal-program-mis\index.php(37): CodeIgniter\CodeIgniter->run()
#5 {main}
CRITICAL - 2022-07-13 06:52:06 --> Invalid file: auth/register-admin.php
#0 C:\xampp\htdocs\Codeigniter\CI4\cereal-program-mis\system\View\View.php(198): CodeIgniter\Exceptions\FrameworkException::forInvalidFile('auth/register-a...')
#1 C:\xampp\htdocs\Codeigniter\CI4\cereal-program-mis\system\Common.php(1089): CodeIgniter\View\View->render('auth/register-a...', Array, true)
#2 C:\xampp\htdocs\Codeigniter\CI4\cereal-program-mis\app\Controllers\AdminController.php(116): view('auth/register-a...', Array)
#3 C:\xampp\htdocs\Codeigniter\CI4\cereal-program-mis\system\CodeIgniter.php(832): App\Controllers\AdminController->adminSave()
#4 C:\xampp\htdocs\Codeigniter\CI4\cereal-program-mis\system\CodeIgniter.php(419): CodeIgniter\CodeIgniter->runController(Object(App\Controllers\AdminController))
#5 C:\xampp\htdocs\Codeigniter\CI4\cereal-program-mis\system\CodeIgniter.php(326): CodeIgniter\CodeIgniter->handleRequest(NULL, Object(Config\Cache), false)
#6 C:\xampp\htdocs\Codeigniter\CI4\cereal-program-mis\index.php(37): CodeIgniter\CodeIgniter->run()
#7 {main}
CRITICAL - 2022-07-13 07:00:25 --> Undefined variable $page_title
#0 C:\xampp\htdocs\Codeigniter\CI4\cereal-program-mis\app\Views\pages\register_admin.php(8): CodeIgniter\Debug\Exceptions->errorHandler(2, 'Undefined varia...', 'C:\\xampp\\htdocs...', 8)
#1 C:\xampp\htdocs\Codeigniter\CI4\cereal-program-mis\system\View\View.php(210): include('C:\\xampp\\htdocs...')
#2 C:\xampp\htdocs\Codeigniter\CI4\cereal-program-mis\system\View\View.php(213): CodeIgniter\View\View->CodeIgniter\View\{closure}()
#3 C:\xampp\htdocs\Codeigniter\CI4\cereal-program-mis\system\Common.php(1089): CodeIgniter\View\View->render('pages/register_...', Array, true)
#4 C:\xampp\htdocs\Codeigniter\CI4\cereal-program-mis\app\Controllers\AdminController.php(116): view('pages/register_...', Array)
#5 C:\xampp\htdocs\Codeigniter\CI4\cereal-program-mis\system\CodeIgniter.php(832): App\Controllers\AdminController->adminSave()
#6 C:\xampp\htdocs\Codeigniter\CI4\cereal-program-mis\system\CodeIgniter.php(419): CodeIgniter\CodeIgniter->runController(Object(App\Controllers\AdminController))
#7 C:\xampp\htdocs\Codeigniter\CI4\cereal-program-mis\system\CodeIgniter.php(326): CodeIgniter\CodeIgniter->handleRequest(NULL, Object(Config\Cache), false)
#8 C:\xampp\htdocs\Codeigniter\CI4\cereal-program-mis\index.php(37): CodeIgniter\CodeIgniter->run()
#9 {main}
CRITICAL - 2022-07-13 07:15:18 --> Undefined variable $page_title
#0 C:\xampp\htdocs\Codeigniter\CI4\cereal-program-mis\app\Views\pages\register_admin.php(8): CodeIgniter\Debug\Exceptions->errorHandler(2, 'Undefined varia...', 'C:\\xampp\\htdocs...', 8)
#1 C:\xampp\htdocs\Codeigniter\CI4\cereal-program-mis\system\View\View.php(210): include('C:\\xampp\\htdocs...')
#2 C:\xampp\htdocs\Codeigniter\CI4\cereal-program-mis\system\View\View.php(213): CodeIgniter\View\View->CodeIgniter\View\{closure}()
#3 C:\xampp\htdocs\Codeigniter\CI4\cereal-program-mis\system\Common.php(1089): CodeIgniter\View\View->render('pages/register_...', Array, true)
#4 C:\xampp\htdocs\Codeigniter\CI4\cereal-program-mis\app\Controllers\AdminController.php(121): view('pages/register_...', Array)
#5 C:\xampp\htdocs\Codeigniter\CI4\cereal-program-mis\system\CodeIgniter.php(832): App\Controllers\AdminController->adminSave()
#6 C:\xampp\htdocs\Codeigniter\CI4\cereal-program-mis\system\CodeIgniter.php(419): CodeIgniter\CodeIgniter->runController(Object(App\Controllers\AdminController))
#7 C:\xampp\htdocs\Codeigniter\CI4\cereal-program-mis\system\CodeIgniter.php(326): CodeIgniter\CodeIgniter->handleRequest(NULL, Object(Config\Cache), false)
#8 C:\xampp\htdocs\Codeigniter\CI4\cereal-program-mis\index.php(37): CodeIgniter\CodeIgniter->run()
#9 {main}
CRITICAL - 2022-07-13 07:18:59 --> syntax error, unexpected single-quoted string "validation", expecting "]"
#0 C:\xampp\htdocs\Codeigniter\CI4\cereal-program-mis\system\Router\Router.php(175): CodeIgniter\Router\Router->autoRoute('/AdminControlle...')
#1 C:\xampp\htdocs\Codeigniter\CI4\cereal-program-mis\system\CodeIgniter.php(726): CodeIgniter\Router\Router->handle('/AdminControlle...')
#2 C:\xampp\htdocs\Codeigniter\CI4\cereal-program-mis\system\CodeIgniter.php(368): CodeIgniter\CodeIgniter->tryToRouteIt(Object(CodeIgniter\Router\RouteCollection))
#3 C:\xampp\htdocs\Codeigniter\CI4\cereal-program-mis\system\CodeIgniter.php(326): CodeIgniter\CodeIgniter->handleRequest(NULL, Object(Config\Cache), false)
#4 C:\xampp\htdocs\Codeigniter\CI4\cereal-program-mis\index.php(37): CodeIgniter\CodeIgniter->run()
#5 {main}
CRITICAL - 2022-07-13 07:19:12 --> Unclosed '(' does not match ']'
#0 C:\xampp\htdocs\Codeigniter\CI4\cereal-program-mis\system\Router\Router.php(175): CodeIgniter\Router\Router->autoRoute('/AdminControlle...')
#1 C:\xampp\htdocs\Codeigniter\CI4\cereal-program-mis\system\CodeIgniter.php(726): CodeIgniter\Router\Router->handle('/AdminControlle...')
#2 C:\xampp\htdocs\Codeigniter\CI4\cereal-program-mis\system\CodeIgniter.php(368): CodeIgniter\CodeIgniter->tryToRouteIt(Object(CodeIgniter\Router\RouteCollection))
#3 C:\xampp\htdocs\Codeigniter\CI4\cereal-program-mis\system\CodeIgniter.php(326): CodeIgniter\CodeIgniter->handleRequest(NULL, Object(Config\Cache), false)
#4 C:\xampp\htdocs\Codeigniter\CI4\cereal-program-mis\index.php(37): CodeIgniter\CodeIgniter->run()
#5 {main}
CRITICAL - 2022-07-13 08:14:46 --> Undefined variable $page_title
#0 C:\xampp\htdocs\Codeigniter\CI4\cereal-program-mis\app\Views\pages\register_admin.php(8): CodeIgniter\Debug\Exceptions->errorHandler(2, 'Undefined varia...', 'C:\\xampp\\htdocs...', 8)
#1 C:\xampp\htdocs\Codeigniter\CI4\cereal-program-mis\system\View\View.php(210): include('C:\\xampp\\htdocs...')
#2 C:\xampp\htdocs\Codeigniter\CI4\cereal-program-mis\system\View\View.php(213): CodeIgniter\View\View->CodeIgniter\View\{closure}()
#3 C:\xampp\htdocs\Codeigniter\CI4\cereal-program-mis\system\Common.php(1089): CodeIgniter\View\View->render('pages/register_...', Array, true)
#4 C:\xampp\htdocs\Codeigniter\CI4\cereal-program-mis\app\Controllers\AdminController.php(129): view('pages/register_...', Array)
#5 C:\xampp\htdocs\Codeigniter\CI4\cereal-program-mis\system\CodeIgniter.php(832): App\Controllers\AdminController->adminSave()
#6 C:\xampp\htdocs\Codeigniter\CI4\cereal-program-mis\system\CodeIgniter.php(419): CodeIgniter\CodeIgniter->runController(Object(App\Controllers\AdminController))
#7 C:\xampp\htdocs\Codeigniter\CI4\cereal-program-mis\system\CodeIgniter.php(326): CodeIgniter\CodeIgniter->handleRequest(NULL, Object(Config\Cache), false)
#8 C:\xampp\htdocs\Codeigniter\CI4\cereal-program-mis\index.php(37): CodeIgniter\CodeIgniter->run()
#9 {main}
CRITICAL - 2022-07-13 08:15:14 --> Unclosed '(' does not match ']'
#0 C:\xampp\htdocs\Codeigniter\CI4\cereal-program-mis\system\Router\Router.php(175): CodeIgniter\Router\Router->autoRoute('/AdminControlle...')
#1 C:\xampp\htdocs\Codeigniter\CI4\cereal-program-mis\system\CodeIgniter.php(726): CodeIgniter\Router\Router->handle('/AdminControlle...')
#2 C:\xampp\htdocs\Codeigniter\CI4\cereal-program-mis\system\CodeIgniter.php(368): CodeIgniter\CodeIgniter->tryToRouteIt(Object(CodeIgniter\Router\RouteCollection))
#3 C:\xampp\htdocs\Codeigniter\CI4\cereal-program-mis\system\CodeIgniter.php(326): CodeIgniter\CodeIgniter->handleRequest(NULL, Object(Config\Cache), false)
#4 C:\xampp\htdocs\Codeigniter\CI4\cereal-program-mis\index.php(37): CodeIgniter\CodeIgniter->run()
#5 {main}
CRITICAL - 2022-07-13 11:21:35 --> Undefined array key "firstname"
#0 C:\xampp\htdocs\Codeigniter\CI4\cereal-program-mis\app\Views\template\navbar.php(54): CodeIgniter\Debug\Exceptions->errorHandler(2, 'Undefined array...', 'C:\\xampp\\htdocs...', 54)
#1 C:\xampp\htdocs\Codeigniter\CI4\cereal-program-mis\system\View\View.php(210): include('C:\\xampp\\htdocs...')
#2 C:\xampp\htdocs\Codeigniter\CI4\cereal-program-mis\system\View\View.php(213): CodeIgniter\View\View->CodeIgniter\View\{closure}()
#3 C:\xampp\htdocs\Codeigniter\CI4\cereal-program-mis\system\Common.php(1089): CodeIgniter\View\View->render('template/navbar', Array, true)
#4 C:\xampp\htdocs\Codeigniter\CI4\cereal-program-mis\app\Controllers\AdminController.php(180): view('template/navbar', Array)
#5 C:\xampp\htdocs\Codeigniter\CI4\cereal-program-mis\system\CodeIgniter.php(832): App\Controllers\AdminController->adminViewAll()
#6 C:\xampp\htdocs\Codeigniter\CI4\cereal-program-mis\system\CodeIgniter.php(419): CodeIgniter\CodeIgniter->runController(Object(App\Controllers\AdminController))
#7 C:\xampp\htdocs\Codeigniter\CI4\cereal-program-mis\system\CodeIgniter.php(326): CodeIgniter\CodeIgniter->handleRequest(NULL, Object(Config\Cache), false)
#8 C:\xampp\htdocs\Codeigniter\CI4\cereal-program-mis\index.php(37): CodeIgniter\CodeIgniter->run()
#9 {main}
CRITICAL - 2022-07-13 11:52:28 --> syntax error, unexpected token "(", expecting "," or ";"
#0 C:\xampp\htdocs\Codeigniter\CI4\cereal-program-mis\system\Autoloader\Autoloader.php(241): CodeIgniter\Autoloader\Autoloader->includeFile('C:\\xampp\\htdocs...')
#1 C:\xampp\htdocs\Codeigniter\CI4\cereal-program-mis\system\Autoloader\Autoloader.php(219): CodeIgniter\Autoloader\Autoloader->loadInNamespace('App\\Controllers...')
#2 [internal function]: CodeIgniter\Autoloader\Autoloader->loadClass('App\\Controllers...')
#3 C:\xampp\htdocs\Codeigniter\CI4\cereal-program-mis\system\CodeIgniter.php(797): class_exists('\\App\\Controller...', true)
#4 C:\xampp\htdocs\Codeigniter\CI4\cereal-program-mis\system\CodeIgniter.php(406): CodeIgniter\CodeIgniter->startController()
#5 C:\xampp\htdocs\Codeigniter\CI4\cereal-program-mis\system\CodeIgniter.php(326): CodeIgniter\CodeIgniter->handleRequest(NULL, Object(Config\Cache), false)
#6 C:\xampp\htdocs\Codeigniter\CI4\cereal-program-mis\index.php(37): CodeIgniter\CodeIgniter->run()
#7 {main}
CRITICAL - 2022-07-13 11:54:38 --> Undefined array key "admin_id"
#0 C:\xampp\htdocs\Codeigniter\CI4\cereal-program-mis\app\Views\pages\view_admins.php(50): CodeIgniter\Debug\Exceptions->errorHandler(2, 'Undefined array...', 'C:\\xampp\\htdocs...', 50)
#1 C:\xampp\htdocs\Codeigniter\CI4\cereal-program-mis\system\View\View.php(210): include('C:\\xampp\\htdocs...')
#2 C:\xampp\htdocs\Codeigniter\CI4\cereal-program-mis\system\View\View.php(213): CodeIgniter\View\View->CodeIgniter\View\{closure}()
#3 C:\xampp\htdocs\Codeigniter\CI4\cereal-program-mis\system\Common.php(1089): CodeIgniter\View\View->render('pages/view_admi...', Array, true)
#4 C:\xampp\htdocs\Codeigniter\CI4\cereal-program-mis\app\Controllers\AdminController.php(186): view('pages/view_admi...', Array)
#5 C:\xampp\htdocs\Codeigniter\CI4\cereal-program-mis\system\CodeIgniter.php(832): App\Controllers\AdminController->adminViewAll()
#6 C:\xampp\htdocs\Codeigniter\CI4\cereal-program-mis\system\CodeIgniter.php(419): CodeIgniter\CodeIgniter->runController(Object(App\Controllers\AdminController))
#7 C:\xampp\htdocs\Codeigniter\CI4\cereal-program-mis\system\CodeIgniter.php(326): CodeIgniter\CodeIgniter->handleRequest(NULL, Object(Config\Cache), false)
#8 C:\xampp\htdocs\Codeigniter\CI4\cereal-program-mis\index.php(37): CodeIgniter\CodeIgniter->run()
#9 {main}
CRITICAL - 2022-07-13 11:55:38 --> Undefined variable $adminInfo
#0 C:\xampp\htdocs\Codeigniter\CI4\cereal-program-mis\app\Views\pages\view_admins.php(47): CodeIgniter\Debug\Exceptions->errorHandler(2, 'Undefined varia...', 'C:\\xampp\\htdocs...', 47)
#1 C:\xampp\htdocs\Codeigniter\CI4\cereal-program-mis\system\View\View.php(210): include('C:\\xampp\\htdocs...')
#2 C:\xampp\htdocs\Codeigniter\CI4\cereal-program-mis\system\View\View.php(213): CodeIgniter\View\View->CodeIgniter\View\{closure}()
#3 C:\xampp\htdocs\Codeigniter\CI4\cereal-program-mis\system\Common.php(1089): CodeIgniter\View\View->render('pages/view_admi...', Array, true)
#4 C:\xampp\htdocs\Codeigniter\CI4\cereal-program-mis\app\Controllers\AdminController.php(185): view('pages/view_admi...', Array)
#5 C:\xampp\htdocs\Codeigniter\CI4\cereal-program-mis\system\CodeIgniter.php(832): App\Controllers\AdminController->adminViewAll()
#6 C:\xampp\htdocs\Codeigniter\CI4\cereal-program-mis\system\CodeIgniter.php(419): CodeIgniter\CodeIgniter->runController(Object(App\Controllers\AdminController))
#7 C:\xampp\htdocs\Codeigniter\CI4\cereal-program-mis\system\CodeIgniter.php(326): CodeIgniter\CodeIgniter->handleRequest(NULL, Object(Config\Cache), false)
#8 C:\xampp\htdocs\Codeigniter\CI4\cereal-program-mis\index.php(37): CodeIgniter\CodeIgniter->run()
#9 {main}
CRITICAL - 2022-07-13 11:57:22 --> Undefined variable $adminData
#0 C:\xampp\htdocs\Codeigniter\CI4\cereal-program-mis\app\Views\template\navbar.php(54): CodeIgniter\Debug\Exceptions->errorHandler(2, 'Undefined varia...', 'C:\\xampp\\htdocs...', 54)
#1 C:\xampp\htdocs\Codeigniter\CI4\cereal-program-mis\system\View\View.php(210): include('C:\\xampp\\htdocs...')
#2 C:\xampp\htdocs\Codeigniter\CI4\cereal-program-mis\system\View\View.php(213): CodeIgniter\View\View->CodeIgniter\View\{closure}()
#3 C:\xampp\htdocs\Codeigniter\CI4\cereal-program-mis\system\Common.php(1089): CodeIgniter\View\View->render('template/navbar', Array, true)
#4 C:\xampp\htdocs\Codeigniter\CI4\cereal-program-mis\app\Controllers\AdminController.php(183): view('template/navbar', Array)
#5 C:\xampp\htdocs\Codeigniter\CI4\cereal-program-mis\system\CodeIgniter.php(832): App\Controllers\AdminController->adminViewAll()
#6 C:\xampp\htdocs\Codeigniter\CI4\cereal-program-mis\system\CodeIgniter.php(419): CodeIgniter\CodeIgniter->runController(Object(App\Controllers\AdminController))
#7 C:\xampp\htdocs\Codeigniter\CI4\cereal-program-mis\system\CodeIgniter.php(326): CodeIgniter\CodeIgniter->handleRequest(NULL, Object(Config\Cache), false)
#8 C:\xampp\htdocs\Codeigniter\CI4\cereal-program-mis\index.php(37): CodeIgniter\CodeIgniter->run()
#9 {main}
CRITICAL - 2022-07-13 14:37:50 --> Undefined variable $adminData
#0 C:\xampp\htdocs\Codeigniter\CI4\cereal-program-mis\app\Views\template\navbar.php(54): CodeIgniter\Debug\Exceptions->errorHandler(2, 'Undefined varia...', 'C:\\xampp\\htdocs...', 54)
#1 C:\xampp\htdocs\Codeigniter\CI4\cereal-program-mis\system\View\View.php(210): include('C:\\xampp\\htdocs...')
#2 C:\xampp\htdocs\Codeigniter\CI4\cereal-program-mis\system\View\View.php(213): CodeIgniter\View\View->CodeIgniter\View\{closure}()
#3 C:\xampp\htdocs\Codeigniter\CI4\cereal-program-mis\system\Common.php(1089): CodeIgniter\View\View->render('template/navbar', Array, true)
#4 C:\xampp\htdocs\Codeigniter\CI4\cereal-program-mis\app\Controllers\AdminController.php(182): view('template/navbar', Array)
#5 C:\xampp\htdocs\Codeigniter\CI4\cereal-program-mis\system\CodeIgniter.php(832): App\Controllers\AdminController->adminViewAll()
#6 C:\xampp\htdocs\Codeigniter\CI4\cereal-program-mis\system\CodeIgniter.php(419): CodeIgniter\CodeIgniter->runController(Object(App\Controllers\AdminController))
#7 C:\xampp\htdocs\Codeigniter\CI4\cereal-program-mis\system\CodeIgniter.php(326): CodeIgniter\CodeIgniter->handleRequest(NULL, Object(Config\Cache), false)
#8 C:\xampp\htdocs\Codeigniter\CI4\cereal-program-mis\index.php(37): CodeIgniter\CodeIgniter->run()
#9 {main}
CRITICAL - 2022-07-13 14:45:07 --> Undefined variable $adminData
#0 C:\xampp\htdocs\Codeigniter\CI4\cereal-program-mis\app\Views\template\navbar.php(54): CodeIgniter\Debug\Exceptions->errorHandler(2, 'Undefined varia...', 'C:\\xampp\\htdocs...', 54)
#1 C:\xampp\htdocs\Codeigniter\CI4\cereal-program-mis\system\View\View.php(210): include('C:\\xampp\\htdocs...')
#2 C:\xampp\htdocs\Codeigniter\CI4\cereal-program-mis\system\View\View.php(213): CodeIgniter\View\View->CodeIgniter\View\{closure}()
#3 C:\xampp\htdocs\Codeigniter\CI4\cereal-program-mis\system\Common.php(1089): CodeIgniter\View\View->render('template/navbar', Array, true)
#4 C:\xampp\htdocs\Codeigniter\CI4\cereal-program-mis\app\Controllers\AdminController.php(182): view('template/navbar', Array)
#5 C:\xampp\htdocs\Codeigniter\CI4\cereal-program-mis\system\CodeIgniter.php(832): App\Controllers\AdminController->adminViewAll()
#6 C:\xampp\htdocs\Codeigniter\CI4\cereal-program-mis\system\CodeIgniter.php(419): CodeIgniter\CodeIgniter->runController(Object(App\Controllers\AdminController))
#7 C:\xampp\htdocs\Codeigniter\CI4\cereal-program-mis\system\CodeIgniter.php(326): CodeIgniter\CodeIgniter->handleRequest(NULL, Object(Config\Cache), false)
#8 C:\xampp\htdocs\Codeigniter\CI4\cereal-program-mis\index.php(37): CodeIgniter\CodeIgniter->run()
#9 {main}
CRITICAL - 2022-07-13 14:48:27 --> Undefined variable $admins
#0 C:\xampp\htdocs\Codeigniter\CI4\cereal-program-mis\app\Views\pages\view_admins.php(47): CodeIgniter\Debug\Exceptions->errorHandler(2, 'Undefined varia...', 'C:\\xampp\\htdocs...', 47)
#1 C:\xampp\htdocs\Codeigniter\CI4\cereal-program-mis\system\View\View.php(210): include('C:\\xampp\\htdocs...')
#2 C:\xampp\htdocs\Codeigniter\CI4\cereal-program-mis\system\View\View.php(213): CodeIgniter\View\View->CodeIgniter\View\{closure}()
#3 C:\xampp\htdocs\Codeigniter\CI4\cereal-program-mis\system\Common.php(1089): CodeIgniter\View\View->render('pages/view_admi...', Array, true)
#4 C:\xampp\htdocs\Codeigniter\CI4\cereal-program-mis\app\Controllers\AdminController.php(186): view('pages/view_admi...', Array)
#5 C:\xampp\htdocs\Codeigniter\CI4\cereal-program-mis\system\CodeIgniter.php(832): App\Controllers\AdminController->adminViewAll()
#6 C:\xampp\htdocs\Codeigniter\CI4\cereal-program-mis\system\CodeIgniter.php(419): CodeIgniter\CodeIgniter->runController(Object(App\Controllers\AdminController))
#7 C:\xampp\htdocs\Codeigniter\CI4\cereal-program-mis\system\CodeIgniter.php(326): CodeIgniter\CodeIgniter->handleRequest(NULL, Object(Config\Cache), false)
#8 C:\xampp\htdocs\Codeigniter\CI4\cereal-program-mis\index.php(37): CodeIgniter\CodeIgniter->run()
#9 {main}
CRITICAL - 2022-07-13 14:48:47 --> Undefined array key "admin_id"
#0 C:\xampp\htdocs\Codeigniter\CI4\cereal-program-mis\app\Views\pages\view_admins.php(50): CodeIgniter\Debug\Exceptions->errorHandler(2, 'Undefined array...', 'C:\\xampp\\htdocs...', 50)
#1 C:\xampp\htdocs\Codeigniter\CI4\cereal-program-mis\system\View\View.php(210): include('C:\\xampp\\htdocs...')
#2 C:\xampp\htdocs\Codeigniter\CI4\cereal-program-mis\system\View\View.php(213): CodeIgniter\View\View->CodeIgniter\View\{closure}()
#3 C:\xampp\htdocs\Codeigniter\CI4\cereal-program-mis\system\Common.php(1089): CodeIgniter\View\View->render('pages/view_admi...', Array, true)
#4 C:\xampp\htdocs\Codeigniter\CI4\cereal-program-mis\app\Controllers\AdminController.php(186): view('pages/view_admi...', Array)
#5 C:\xampp\htdocs\Codeigniter\CI4\cereal-program-mis\system\CodeIgniter.php(832): App\Controllers\AdminController->adminViewAll()
#6 C:\xampp\htdocs\Codeigniter\CI4\cereal-program-mis\system\CodeIgniter.php(419): CodeIgniter\CodeIgniter->runController(Object(App\Controllers\AdminController))
#7 C:\xampp\htdocs\Codeigniter\CI4\cereal-program-mis\system\CodeIgniter.php(326): CodeIgniter\CodeIgniter->handleRequest(NULL, Object(Config\Cache), false)
#8 C:\xampp\htdocs\Codeigniter\CI4\cereal-program-mis\index.php(37): CodeIgniter\CodeIgniter->run()
#9 {main}
CRITICAL - 2022-07-13 14:49:56 --> Attempt to read property "admin_id" on array
#0 C:\xampp\htdocs\Codeigniter\CI4\cereal-program-mis\app\Views\pages\view_admins.php(50): CodeIgniter\Debug\Exceptions->errorHandler(2, 'Attempt to read...', 'C:\\xampp\\htdocs...', 50)
#1 C:\xampp\htdocs\Codeigniter\CI4\cereal-program-mis\system\View\View.php(210): include('C:\\xampp\\htdocs...')
#2 C:\xampp\htdocs\Codeigniter\CI4\cereal-program-mis\system\View\View.php(213): CodeIgniter\View\View->CodeIgniter\View\{closure}()
#3 C:\xampp\htdocs\Codeigniter\CI4\cereal-program-mis\system\Common.php(1089): CodeIgniter\View\View->render('pages/view_admi...', Array, true)
#4 C:\xampp\htdocs\Codeigniter\CI4\cereal-program-mis\app\Controllers\AdminController.php(186): view('pages/view_admi...', Array)
#5 C:\xampp\htdocs\Codeigniter\CI4\cereal-program-mis\system\CodeIgniter.php(832): App\Controllers\AdminController->adminViewAll()
#6 C:\xampp\htdocs\Codeigniter\CI4\cereal-program-mis\system\CodeIgniter.php(419): CodeIgniter\CodeIgniter->runController(Object(App\Controllers\AdminController))
#7 C:\xampp\htdocs\Codeigniter\CI4\cereal-program-mis\system\CodeIgniter.php(326): CodeIgniter\CodeIgniter->handleRequest(NULL, Object(Config\Cache), false)
#8 C:\xampp\htdocs\Codeigniter\CI4\cereal-program-mis\index.php(37): CodeIgniter\CodeIgniter->run()
#9 {main}
CRITICAL - 2022-07-13 14:50:54 --> Undefined array key "admin_id"
#0 C:\xampp\htdocs\Codeigniter\CI4\cereal-program-mis\app\Views\pages\view_admins.php(50): CodeIgniter\Debug\Exceptions->errorHandler(2, 'Undefined array...', 'C:\\xampp\\htdocs...', 50)
#1 C:\xampp\htdocs\Codeigniter\CI4\cereal-program-mis\system\View\View.php(210): include('C:\\xampp\\htdocs...')
#2 C:\xampp\htdocs\Codeigniter\CI4\cereal-program-mis\system\View\View.php(213): CodeIgniter\View\View->CodeIgniter\View\{closure}()
#3 C:\xampp\htdocs\Codeigniter\CI4\cereal-program-mis\system\Common.php(1089): CodeIgniter\View\View->render('pages/view_admi...', Array, true)
#4 C:\xampp\htdocs\Codeigniter\CI4\cereal-program-mis\app\Controllers\AdminController.php(186): view('pages/view_admi...', Array)
#5 C:\xampp\htdocs\Codeigniter\CI4\cereal-program-mis\system\CodeIgniter.php(832): App\Controllers\AdminController->adminViewAll()
#6 C:\xampp\htdocs\Codeigniter\CI4\cereal-program-mis\system\CodeIgniter.php(419): CodeIgniter\CodeIgniter->runController(Object(App\Controllers\AdminController))
#7 C:\xampp\htdocs\Codeigniter\CI4\cereal-program-mis\system\CodeIgniter.php(326): CodeIgniter\CodeIgniter->handleRequest(NULL, Object(Config\Cache), false)
#8 C:\xampp\htdocs\Codeigniter\CI4\cereal-program-mis\index.php(37): CodeIgniter\CodeIgniter->run()
#9 {main}
