CRITICAL - 2022-09-11 10:54:47 --> Unmatched '}'
#0 C:\xampp\htdocs\Codeigniter\CI4\cereal-program-mis\system\View\View.php(213): CodeIgniter\View\View->CodeIgniter\View\{closure}()
#1 C:\xampp\htdocs\Codeigniter\CI4\cereal-program-mis\system\Common.php(1089): CodeIgniter\View\View->render('pages/report_fu...', Array, true)
#2 C:\xampp\htdocs\Codeigniter\CI4\cereal-program-mis\app\Controllers\ReportController.php(225): view('pages/report_fu...', Array)
#3 C:\xampp\htdocs\Codeigniter\CI4\cereal-program-mis\system\CodeIgniter.php(832): App\Controllers\ReportController->viewAgroFullReport()
#4 C:\xampp\htdocs\Codeigniter\CI4\cereal-program-mis\system\CodeIgniter.php(419): CodeIgniter\CodeIgniter->runController(Object(App\Controllers\ReportController))
#5 C:\xampp\htdocs\Codeigniter\CI4\cereal-program-mis\system\CodeIgniter.php(326): CodeIgniter\CodeIgniter->handleRequest(NULL, Object(Config\Cache), false)
#6 C:\xampp\htdocs\Codeigniter\CI4\cereal-program-mis\index.php(37): CodeIgniter\CodeIgniter->run()
#7 {main}
CRITICAL - 2022-09-11 10:55:17 --> Undefined variable $districts
#0 C:\xampp\htdocs\Codeigniter\CI4\cereal-program-mis\app\Views\pages\report_full_agro.php(42): CodeIgniter\Debug\Exceptions->errorHandler(2, 'Undefined varia...', 'C:\\xampp\\htdocs...', 42)
#1 C:\xampp\htdocs\Codeigniter\CI4\cereal-program-mis\system\View\View.php(210): include('C:\\xampp\\htdocs...')
#2 C:\xampp\htdocs\Codeigniter\CI4\cereal-program-mis\system\View\View.php(213): CodeIgniter\View\View->CodeIgniter\View\{closure}()
#3 C:\xampp\htdocs\Codeigniter\CI4\cereal-program-mis\system\Common.php(1089): CodeIgniter\View\View->render('pages/report_fu...', Array, true)
#4 C:\xampp\htdocs\Codeigniter\CI4\cereal-program-mis\app\Controllers\ReportController.php(225): view('pages/report_fu...', Array)
#5 C:\xampp\htdocs\Codeigniter\CI4\cereal-program-mis\system\CodeIgniter.php(832): App\Controllers\ReportController->viewAgroFullReport()
#6 C:\xampp\htdocs\Codeigniter\CI4\cereal-program-mis\system\CodeIgniter.php(419): CodeIgniter\CodeIgniter->runController(Object(App\Controllers\ReportController))
#7 C:\xampp\htdocs\Codeigniter\CI4\cereal-program-mis\system\CodeIgniter.php(326): CodeIgniter\CodeIgniter->handleRequest(NULL, Object(Config\Cache), false)
#8 C:\xampp\htdocs\Codeigniter\CI4\cereal-program-mis\index.php(37): CodeIgniter\CodeIgniter->run()
#9 {main}
CRITICAL - 2022-09-11 11:00:22 --> Undefined variable $districts
#0 C:\xampp\htdocs\Codeigniter\CI4\cereal-program-mis\app\Views\pages\report_full_agro.php(42): CodeIgniter\Debug\Exceptions->errorHandler(2, 'Undefined varia...', 'C:\\xampp\\htdocs...', 42)
#1 C:\xampp\htdocs\Codeigniter\CI4\cereal-program-mis\system\View\View.php(210): include('C:\\xampp\\htdocs...')
#2 C:\xampp\htdocs\Codeigniter\CI4\cereal-program-mis\system\View\View.php(213): CodeIgniter\View\View->CodeIgniter\View\{closure}()
#3 C:\xampp\htdocs\Codeigniter\CI4\cereal-program-mis\system\Common.php(1089): CodeIgniter\View\View->render('pages/report_fu...', Array, true)
#4 C:\xampp\htdocs\Codeigniter\CI4\cereal-program-mis\app\Controllers\ReportController.php(224): view('pages/report_fu...', Array)
#5 C:\xampp\htdocs\Codeigniter\CI4\cereal-program-mis\system\CodeIgniter.php(832): App\Controllers\ReportController->viewAgroFullReport()
#6 C:\xampp\htdocs\Codeigniter\CI4\cereal-program-mis\system\CodeIgniter.php(419): CodeIgniter\CodeIgniter->runController(Object(App\Controllers\ReportController))
#7 C:\xampp\htdocs\Codeigniter\CI4\cereal-program-mis\system\CodeIgniter.php(326): CodeIgniter\CodeIgniter->handleRequest(NULL, Object(Config\Cache), false)
#8 C:\xampp\htdocs\Codeigniter\CI4\cereal-program-mis\index.php(37): CodeIgniter\CodeIgniter->run()
#9 {main}
CRITICAL - 2022-09-11 11:24:44 --> Undefined variable $provinceMd
#0 C:\xampp\htdocs\Codeigniter\CI4\cereal-program-mis\app\Controllers\AuthController.php(132): CodeIgniter\Debug\Exceptions->errorHandler(2, 'Undefined varia...', 'C:\\xampp\\htdocs...', 132)
#1 C:\xampp\htdocs\Codeigniter\CI4\cereal-program-mis\system\CodeIgniter.php(832): App\Controllers\AuthController->saveFarmer()
#2 C:\xampp\htdocs\Codeigniter\CI4\cereal-program-mis\system\CodeIgniter.php(419): CodeIgniter\CodeIgniter->runController(Object(App\Controllers\AuthController))
#3 C:\xampp\htdocs\Codeigniter\CI4\cereal-program-mis\system\CodeIgniter.php(326): CodeIgniter\CodeIgniter->handleRequest(NULL, Object(Config\Cache), false)
#4 C:\xampp\htdocs\Codeigniter\CI4\cereal-program-mis\index.php(37): CodeIgniter\CodeIgniter->run()
#5 {main}
CRITICAL - 2022-09-11 12:37:40 --> Undefined variable $activeDistId
#0 C:\xampp\htdocs\Codeigniter\CI4\cereal-program-mis\app\Controllers\CerealController.php(386): CodeIgniter\Debug\Exceptions->errorHandler(2, 'Undefined varia...', 'C:\\xampp\\htdocs...', 386)
#1 C:\xampp\htdocs\Codeigniter\CI4\cereal-program-mis\system\CodeIgniter.php(832): App\Controllers\CerealController->cerealAppSubmit()
#2 C:\xampp\htdocs\Codeigniter\CI4\cereal-program-mis\system\CodeIgniter.php(419): CodeIgniter\CodeIgniter->runController(Object(App\Controllers\CerealController))
#3 C:\xampp\htdocs\Codeigniter\CI4\cereal-program-mis\system\CodeIgniter.php(326): CodeIgniter\CodeIgniter->handleRequest(NULL, Object(Config\Cache), false)
#4 C:\xampp\htdocs\Codeigniter\CI4\cereal-program-mis\index.php(37): CodeIgniter\CodeIgniter->run()
#5 {main}
ERROR - 2022-09-11 12:39:08 --> Cannot add or update a child row: a foreign key constraint fails (`cereal_mis`.`application`, CONSTRAINT `District FK` FOREIGN KEY (`district`) REFERENCES `district` (`district_id`) ON DELETE CASCADE ON UPDATE CASCADE)
CRITICAL - 2022-09-11 12:39:08 --> Cannot add or update a child row: a foreign key constraint fails (`cereal_mis`.`application`, CONSTRAINT `District FK` FOREIGN KEY (`district`) REFERENCES `district` (`district_id`) ON DELETE CASCADE ON UPDATE CASCADE)
#0 C:\xampp\htdocs\Codeigniter\CI4\cereal-program-mis\system\Database\MySQLi\Connection.php(292): mysqli->query('INSERT INTO `ap...', 0)
#1 C:\xampp\htdocs\Codeigniter\CI4\cereal-program-mis\system\Database\BaseConnection.php(670): CodeIgniter\Database\MySQLi\Connection->execute('INSERT INTO `ap...')
#2 C:\xampp\htdocs\Codeigniter\CI4\cereal-program-mis\system\Database\BaseConnection.php(598): CodeIgniter\Database\BaseConnection->simpleQuery('INSERT INTO `ap...')
#3 C:\xampp\htdocs\Codeigniter\CI4\cereal-program-mis\system\Database\BaseBuilder.php(1771): CodeIgniter\Database\BaseConnection->query('INSERT INTO `ap...', Array, false)
#4 C:\xampp\htdocs\Codeigniter\CI4\cereal-program-mis\system\Model.php(239): CodeIgniter\Database\BaseBuilder->insert()
#5 C:\xampp\htdocs\Codeigniter\CI4\cereal-program-mis\system\BaseModel.php(738): CodeIgniter\Model->doInsert(Array)
#6 C:\xampp\htdocs\Codeigniter\CI4\cereal-program-mis\system\Model.php(625): CodeIgniter\BaseModel->insert(Array, true)
#7 C:\xampp\htdocs\Codeigniter\CI4\cereal-program-mis\app\Controllers\CerealController.php(394): CodeIgniter\Model->insert(Array)
#8 C:\xampp\htdocs\Codeigniter\CI4\cereal-program-mis\system\CodeIgniter.php(832): App\Controllers\CerealController->cerealAppSubmit()
#9 C:\xampp\htdocs\Codeigniter\CI4\cereal-program-mis\system\CodeIgniter.php(419): CodeIgniter\CodeIgniter->runController(Object(App\Controllers\CerealController))
#10 C:\xampp\htdocs\Codeigniter\CI4\cereal-program-mis\system\CodeIgniter.php(326): CodeIgniter\CodeIgniter->handleRequest(NULL, Object(Config\Cache), false)
#11 C:\xampp\htdocs\Codeigniter\CI4\cereal-program-mis\index.php(37): CodeIgniter\CodeIgniter->run()
#12 {main}
ERROR - 2022-09-11 12:42:32 --> Cannot add or update a child row: a foreign key constraint fails (`cereal_mis`.`application`, CONSTRAINT `District FK` FOREIGN KEY (`district`) REFERENCES `district` (`district_id`) ON DELETE CASCADE ON UPDATE CASCADE)
CRITICAL - 2022-09-11 12:42:32 --> Cannot add or update a child row: a foreign key constraint fails (`cereal_mis`.`application`, CONSTRAINT `District FK` FOREIGN KEY (`district`) REFERENCES `district` (`district_id`) ON DELETE CASCADE ON UPDATE CASCADE)
#0 C:\xampp\htdocs\Codeigniter\CI4\cereal-program-mis\system\Database\MySQLi\Connection.php(292): mysqli->query('INSERT INTO `ap...', 0)
#1 C:\xampp\htdocs\Codeigniter\CI4\cereal-program-mis\system\Database\BaseConnection.php(670): CodeIgniter\Database\MySQLi\Connection->execute('INSERT INTO `ap...')
#2 C:\xampp\htdocs\Codeigniter\CI4\cereal-program-mis\system\Database\BaseConnection.php(598): CodeIgniter\Database\BaseConnection->simpleQuery('INSERT INTO `ap...')
#3 C:\xampp\htdocs\Codeigniter\CI4\cereal-program-mis\system\Database\BaseBuilder.php(1771): CodeIgniter\Database\BaseConnection->query('INSERT INTO `ap...', Array, false)
#4 C:\xampp\htdocs\Codeigniter\CI4\cereal-program-mis\system\Model.php(239): CodeIgniter\Database\BaseBuilder->insert()
#5 C:\xampp\htdocs\Codeigniter\CI4\cereal-program-mis\system\BaseModel.php(738): CodeIgniter\Model->doInsert(Array)
#6 C:\xampp\htdocs\Codeigniter\CI4\cereal-program-mis\system\Model.php(625): CodeIgniter\BaseModel->insert(Array, true)
#7 C:\xampp\htdocs\Codeigniter\CI4\cereal-program-mis\app\Controllers\CerealController.php(394): CodeIgniter\Model->insert(Array)
#8 C:\xampp\htdocs\Codeigniter\CI4\cereal-program-mis\system\CodeIgniter.php(832): App\Controllers\CerealController->cerealAppSubmit()
#9 C:\xampp\htdocs\Codeigniter\CI4\cereal-program-mis\system\CodeIgniter.php(419): CodeIgniter\CodeIgniter->runController(Object(App\Controllers\CerealController))
#10 C:\xampp\htdocs\Codeigniter\CI4\cereal-program-mis\system\CodeIgniter.php(326): CodeIgniter\CodeIgniter->handleRequest(NULL, Object(Config\Cache), false)
#11 C:\xampp\htdocs\Codeigniter\CI4\cereal-program-mis\index.php(37): CodeIgniter\CodeIgniter->run()
#12 {main}
ERROR - 2022-09-11 12:43:34 --> Cannot add or update a child row: a foreign key constraint fails (`cereal_mis`.`application`, CONSTRAINT `District FK` FOREIGN KEY (`district`) REFERENCES `district` (`district_id`) ON DELETE CASCADE ON UPDATE CASCADE)
CRITICAL - 2022-09-11 12:43:34 --> Cannot add or update a child row: a foreign key constraint fails (`cereal_mis`.`application`, CONSTRAINT `District FK` FOREIGN KEY (`district`) REFERENCES `district` (`district_id`) ON DELETE CASCADE ON UPDATE CASCADE)
#0 C:\xampp\htdocs\Codeigniter\CI4\cereal-program-mis\system\Database\MySQLi\Connection.php(292): mysqli->query('INSERT INTO `ap...', 0)
#1 C:\xampp\htdocs\Codeigniter\CI4\cereal-program-mis\system\Database\BaseConnection.php(670): CodeIgniter\Database\MySQLi\Connection->execute('INSERT INTO `ap...')
#2 C:\xampp\htdocs\Codeigniter\CI4\cereal-program-mis\system\Database\BaseConnection.php(598): CodeIgniter\Database\BaseConnection->simpleQuery('INSERT INTO `ap...')
#3 C:\xampp\htdocs\Codeigniter\CI4\cereal-program-mis\system\Database\BaseBuilder.php(1771): CodeIgniter\Database\BaseConnection->query('INSERT INTO `ap...', Array, false)
#4 C:\xampp\htdocs\Codeigniter\CI4\cereal-program-mis\system\Model.php(239): CodeIgniter\Database\BaseBuilder->insert()
#5 C:\xampp\htdocs\Codeigniter\CI4\cereal-program-mis\system\BaseModel.php(738): CodeIgniter\Model->doInsert(Array)
#6 C:\xampp\htdocs\Codeigniter\CI4\cereal-program-mis\system\Model.php(625): CodeIgniter\BaseModel->insert(Array, true)
#7 C:\xampp\htdocs\Codeigniter\CI4\cereal-program-mis\app\Controllers\CerealController.php(394): CodeIgniter\Model->insert(Array)
#8 C:\xampp\htdocs\Codeigniter\CI4\cereal-program-mis\system\CodeIgniter.php(832): App\Controllers\CerealController->cerealAppSubmit()
#9 C:\xampp\htdocs\Codeigniter\CI4\cereal-program-mis\system\CodeIgniter.php(419): CodeIgniter\CodeIgniter->runController(Object(App\Controllers\CerealController))
#10 C:\xampp\htdocs\Codeigniter\CI4\cereal-program-mis\system\CodeIgniter.php(326): CodeIgniter\CodeIgniter->handleRequest(NULL, Object(Config\Cache), false)
#11 C:\xampp\htdocs\Codeigniter\CI4\cereal-program-mis\index.php(37): CodeIgniter\CodeIgniter->run()
#12 {main}
ERROR - 2022-09-11 12:43:58 --> Cannot add or update a child row: a foreign key constraint fails (`cereal_mis`.`application`, CONSTRAINT `District FK` FOREIGN KEY (`district`) REFERENCES `district` (`district_id`) ON DELETE CASCADE ON UPDATE CASCADE)
CRITICAL - 2022-09-11 12:43:58 --> Cannot add or update a child row: a foreign key constraint fails (`cereal_mis`.`application`, CONSTRAINT `District FK` FOREIGN KEY (`district`) REFERENCES `district` (`district_id`) ON DELETE CASCADE ON UPDATE CASCADE)
#0 C:\xampp\htdocs\Codeigniter\CI4\cereal-program-mis\system\Database\MySQLi\Connection.php(292): mysqli->query('INSERT INTO `ap...', 0)
#1 C:\xampp\htdocs\Codeigniter\CI4\cereal-program-mis\system\Database\BaseConnection.php(670): CodeIgniter\Database\MySQLi\Connection->execute('INSERT INTO `ap...')
#2 C:\xampp\htdocs\Codeigniter\CI4\cereal-program-mis\system\Database\BaseConnection.php(598): CodeIgniter\Database\BaseConnection->simpleQuery('INSERT INTO `ap...')
#3 C:\xampp\htdocs\Codeigniter\CI4\cereal-program-mis\system\Database\BaseBuilder.php(1771): CodeIgniter\Database\BaseConnection->query('INSERT INTO `ap...', Array, false)
#4 C:\xampp\htdocs\Codeigniter\CI4\cereal-program-mis\system\Model.php(239): CodeIgniter\Database\BaseBuilder->insert()
#5 C:\xampp\htdocs\Codeigniter\CI4\cereal-program-mis\system\BaseModel.php(738): CodeIgniter\Model->doInsert(Array)
#6 C:\xampp\htdocs\Codeigniter\CI4\cereal-program-mis\system\Model.php(625): CodeIgniter\BaseModel->insert(Array, true)
#7 C:\xampp\htdocs\Codeigniter\CI4\cereal-program-mis\app\Controllers\CerealController.php(394): CodeIgniter\Model->insert(Array)
#8 C:\xampp\htdocs\Codeigniter\CI4\cereal-program-mis\system\CodeIgniter.php(832): App\Controllers\CerealController->cerealAppSubmit()
#9 C:\xampp\htdocs\Codeigniter\CI4\cereal-program-mis\system\CodeIgniter.php(419): CodeIgniter\CodeIgniter->runController(Object(App\Controllers\CerealController))
#10 C:\xampp\htdocs\Codeigniter\CI4\cereal-program-mis\system\CodeIgniter.php(326): CodeIgniter\CodeIgniter->handleRequest(NULL, Object(Config\Cache), false)
#11 C:\xampp\htdocs\Codeigniter\CI4\cereal-program-mis\index.php(37): CodeIgniter\CodeIgniter->run()
#12 {main}
ERROR - 2022-09-11 22:50:21 --> Cannot add or update a child row: a foreign key constraint fails (`cereal_mis`.`harvest`, CONSTRAINT `harvest_ibfk_2` FOREIGN KEY (`district`) REFERENCES `district` (`district_id`) ON DELETE CASCADE ON UPDATE CASCADE)
CRITICAL - 2022-09-11 22:50:21 --> Cannot add or update a child row: a foreign key constraint fails (`cereal_mis`.`harvest`, CONSTRAINT `harvest_ibfk_2` FOREIGN KEY (`district`) REFERENCES `district` (`district_id`) ON DELETE CASCADE ON UPDATE CASCADE)
#0 C:\xampp\htdocs\Codeigniter\CI4\cereal-program-mis\system\Database\MySQLi\Connection.php(292): mysqli->query('INSERT INTO `ha...', 0)
#1 C:\xampp\htdocs\Codeigniter\CI4\cereal-program-mis\system\Database\BaseConnection.php(670): CodeIgniter\Database\MySQLi\Connection->execute('INSERT INTO `ha...')
#2 C:\xampp\htdocs\Codeigniter\CI4\cereal-program-mis\system\Database\BaseConnection.php(598): CodeIgniter\Database\BaseConnection->simpleQuery('INSERT INTO `ha...')
#3 C:\xampp\htdocs\Codeigniter\CI4\cereal-program-mis\system\Database\BaseBuilder.php(1771): CodeIgniter\Database\BaseConnection->query('INSERT INTO `ha...', Array, false)
#4 C:\xampp\htdocs\Codeigniter\CI4\cereal-program-mis\system\Model.php(239): CodeIgniter\Database\BaseBuilder->insert()
#5 C:\xampp\htdocs\Codeigniter\CI4\cereal-program-mis\system\BaseModel.php(738): CodeIgniter\Model->doInsert(Array)
#6 C:\xampp\htdocs\Codeigniter\CI4\cereal-program-mis\system\Model.php(625): CodeIgniter\BaseModel->insert(Array, true)
#7 C:\xampp\htdocs\Codeigniter\CI4\cereal-program-mis\app\Controllers\HarvestController.php(118): CodeIgniter\Model->insert(Array)
#8 C:\xampp\htdocs\Codeigniter\CI4\cereal-program-mis\system\CodeIgniter.php(832): App\Controllers\HarvestController->harvestSubmit()
#9 C:\xampp\htdocs\Codeigniter\CI4\cereal-program-mis\system\CodeIgniter.php(419): CodeIgniter\CodeIgniter->runController(Object(App\Controllers\HarvestController))
#10 C:\xampp\htdocs\Codeigniter\CI4\cereal-program-mis\system\CodeIgniter.php(326): CodeIgniter\CodeIgniter->handleRequest(NULL, Object(Config\Cache), false)
#11 C:\xampp\htdocs\Codeigniter\CI4\cereal-program-mis\index.php(37): CodeIgniter\CodeIgniter->run()
#12 {main}
ERROR - 2022-09-11 22:51:57 --> Cannot add or update a child row: a foreign key constraint fails (`cereal_mis`.`harvest`, CONSTRAINT `harvest_ibfk_2` FOREIGN KEY (`district`) REFERENCES `district` (`district_id`) ON DELETE CASCADE ON UPDATE CASCADE)
CRITICAL - 2022-09-11 22:51:57 --> Cannot add or update a child row: a foreign key constraint fails (`cereal_mis`.`harvest`, CONSTRAINT `harvest_ibfk_2` FOREIGN KEY (`district`) REFERENCES `district` (`district_id`) ON DELETE CASCADE ON UPDATE CASCADE)
#0 C:\xampp\htdocs\Codeigniter\CI4\cereal-program-mis\system\Database\MySQLi\Connection.php(292): mysqli->query('INSERT INTO `ha...', 0)
#1 C:\xampp\htdocs\Codeigniter\CI4\cereal-program-mis\system\Database\BaseConnection.php(670): CodeIgniter\Database\MySQLi\Connection->execute('INSERT INTO `ha...')
#2 C:\xampp\htdocs\Codeigniter\CI4\cereal-program-mis\system\Database\BaseConnection.php(598): CodeIgniter\Database\BaseConnection->simpleQuery('INSERT INTO `ha...')
#3 C:\xampp\htdocs\Codeigniter\CI4\cereal-program-mis\system\Database\BaseBuilder.php(1771): CodeIgniter\Database\BaseConnection->query('INSERT INTO `ha...', Array, false)
#4 C:\xampp\htdocs\Codeigniter\CI4\cereal-program-mis\system\Model.php(239): CodeIgniter\Database\BaseBuilder->insert()
#5 C:\xampp\htdocs\Codeigniter\CI4\cereal-program-mis\system\BaseModel.php(738): CodeIgniter\Model->doInsert(Array)
#6 C:\xampp\htdocs\Codeigniter\CI4\cereal-program-mis\system\Model.php(625): CodeIgniter\BaseModel->insert(Array, true)
#7 C:\xampp\htdocs\Codeigniter\CI4\cereal-program-mis\app\Controllers\HarvestController.php(118): CodeIgniter\Model->insert(Array)
#8 C:\xampp\htdocs\Codeigniter\CI4\cereal-program-mis\system\CodeIgniter.php(832): App\Controllers\HarvestController->harvestSubmit()
#9 C:\xampp\htdocs\Codeigniter\CI4\cereal-program-mis\system\CodeIgniter.php(419): CodeIgniter\CodeIgniter->runController(Object(App\Controllers\HarvestController))
#10 C:\xampp\htdocs\Codeigniter\CI4\cereal-program-mis\system\CodeIgniter.php(326): CodeIgniter\CodeIgniter->handleRequest(NULL, Object(Config\Cache), false)
#11 C:\xampp\htdocs\Codeigniter\CI4\cereal-program-mis\index.php(37): CodeIgniter\CodeIgniter->run()
#12 {main}
ERROR - 2022-09-11 23:21:50 --> Cannot add or update a child row: a foreign key constraint fails (`cereal_mis`.`harvest`, CONSTRAINT `harvest_ibfk_2` FOREIGN KEY (`district`) REFERENCES `district` (`district_id`) ON DELETE CASCADE ON UPDATE CASCADE)
CRITICAL - 2022-09-11 23:21:50 --> Cannot add or update a child row: a foreign key constraint fails (`cereal_mis`.`harvest`, CONSTRAINT `harvest_ibfk_2` FOREIGN KEY (`district`) REFERENCES `district` (`district_id`) ON DELETE CASCADE ON UPDATE CASCADE)
#0 C:\xampp\htdocs\Codeigniter\CI4\cereal-program-mis\system\Database\MySQLi\Connection.php(292): mysqli->query('INSERT INTO `ha...', 0)
#1 C:\xampp\htdocs\Codeigniter\CI4\cereal-program-mis\system\Database\BaseConnection.php(670): CodeIgniter\Database\MySQLi\Connection->execute('INSERT INTO `ha...')
#2 C:\xampp\htdocs\Codeigniter\CI4\cereal-program-mis\system\Database\BaseConnection.php(598): CodeIgniter\Database\BaseConnection->simpleQuery('INSERT INTO `ha...')
#3 C:\xampp\htdocs\Codeigniter\CI4\cereal-program-mis\system\Database\BaseBuilder.php(1771): CodeIgniter\Database\BaseConnection->query('INSERT INTO `ha...', Array, false)
#4 C:\xampp\htdocs\Codeigniter\CI4\cereal-program-mis\system\Model.php(239): CodeIgniter\Database\BaseBuilder->insert()
#5 C:\xampp\htdocs\Codeigniter\CI4\cereal-program-mis\system\BaseModel.php(738): CodeIgniter\Model->doInsert(Array)
#6 C:\xampp\htdocs\Codeigniter\CI4\cereal-program-mis\system\Model.php(625): CodeIgniter\BaseModel->insert(Array, true)
#7 C:\xampp\htdocs\Codeigniter\CI4\cereal-program-mis\app\Controllers\HarvestController.php(118): CodeIgniter\Model->insert(Array)
#8 C:\xampp\htdocs\Codeigniter\CI4\cereal-program-mis\system\CodeIgniter.php(832): App\Controllers\HarvestController->harvestSubmit()
#9 C:\xampp\htdocs\Codeigniter\CI4\cereal-program-mis\system\CodeIgniter.php(419): CodeIgniter\CodeIgniter->runController(Object(App\Controllers\HarvestController))
#10 C:\xampp\htdocs\Codeigniter\CI4\cereal-program-mis\system\CodeIgniter.php(326): CodeIgniter\CodeIgniter->handleRequest(NULL, Object(Config\Cache), false)
#11 C:\xampp\htdocs\Codeigniter\CI4\cereal-program-mis\index.php(37): CodeIgniter\CodeIgniter->run()
#12 {main}
ERROR - 2022-09-11 23:33:31 --> Cannot add or update a child row: a foreign key constraint fails (`cereal_mis`.`harvest`, CONSTRAINT `harvest_ibfk_1` FOREIGN KEY (`farmer_id`) REFERENCES `farmer` (`farmer_id`) ON DELETE CASCADE ON UPDATE CASCADE)
CRITICAL - 2022-09-11 23:33:31 --> Cannot add or update a child row: a foreign key constraint fails (`cereal_mis`.`harvest`, CONSTRAINT `harvest_ibfk_1` FOREIGN KEY (`farmer_id`) REFERENCES `farmer` (`farmer_id`) ON DELETE CASCADE ON UPDATE CASCADE)
#0 C:\xampp\htdocs\Codeigniter\CI4\cereal-program-mis\system\Database\MySQLi\Connection.php(292): mysqli->query('INSERT INTO `ha...', 0)
#1 C:\xampp\htdocs\Codeigniter\CI4\cereal-program-mis\system\Database\BaseConnection.php(670): CodeIgniter\Database\MySQLi\Connection->execute('INSERT INTO `ha...')
#2 C:\xampp\htdocs\Codeigniter\CI4\cereal-program-mis\system\Database\BaseConnection.php(598): CodeIgniter\Database\BaseConnection->simpleQuery('INSERT INTO `ha...')
#3 C:\xampp\htdocs\Codeigniter\CI4\cereal-program-mis\system\Database\BaseBuilder.php(1771): CodeIgniter\Database\BaseConnection->query('INSERT INTO `ha...', Array, false)
#4 C:\xampp\htdocs\Codeigniter\CI4\cereal-program-mis\system\Model.php(239): CodeIgniter\Database\BaseBuilder->insert()
#5 C:\xampp\htdocs\Codeigniter\CI4\cereal-program-mis\system\BaseModel.php(738): CodeIgniter\Model->doInsert(Array)
#6 C:\xampp\htdocs\Codeigniter\CI4\cereal-program-mis\system\Model.php(625): CodeIgniter\BaseModel->insert(Array, true)
#7 C:\xampp\htdocs\Codeigniter\CI4\cereal-program-mis\app\Controllers\HarvestController.php(118): CodeIgniter\Model->insert(Array)
#8 C:\xampp\htdocs\Codeigniter\CI4\cereal-program-mis\system\CodeIgniter.php(832): App\Controllers\HarvestController->harvestSubmit()
#9 C:\xampp\htdocs\Codeigniter\CI4\cereal-program-mis\system\CodeIgniter.php(419): CodeIgniter\CodeIgniter->runController(Object(App\Controllers\HarvestController))
#10 C:\xampp\htdocs\Codeigniter\CI4\cereal-program-mis\system\CodeIgniter.php(326): CodeIgniter\CodeIgniter->handleRequest(NULL, Object(Config\Cache), false)
#11 C:\xampp\htdocs\Codeigniter\CI4\cereal-program-mis\index.php(37): CodeIgniter\CodeIgniter->run()
#12 {main}
ERROR - 2022-09-11 23:33:56 --> Cannot add or update a child row: a foreign key constraint fails (`cereal_mis`.`harvest`, CONSTRAINT `harvest_ibfk_2` FOREIGN KEY (`district`) REFERENCES `district` (`district_id`) ON DELETE CASCADE ON UPDATE CASCADE)
CRITICAL - 2022-09-11 23:33:56 --> Cannot add or update a child row: a foreign key constraint fails (`cereal_mis`.`harvest`, CONSTRAINT `harvest_ibfk_2` FOREIGN KEY (`district`) REFERENCES `district` (`district_id`) ON DELETE CASCADE ON UPDATE CASCADE)
#0 C:\xampp\htdocs\Codeigniter\CI4\cereal-program-mis\system\Database\MySQLi\Connection.php(292): mysqli->query('INSERT INTO `ha...', 0)
#1 C:\xampp\htdocs\Codeigniter\CI4\cereal-program-mis\system\Database\BaseConnection.php(670): CodeIgniter\Database\MySQLi\Connection->execute('INSERT INTO `ha...')
#2 C:\xampp\htdocs\Codeigniter\CI4\cereal-program-mis\system\Database\BaseConnection.php(598): CodeIgniter\Database\BaseConnection->simpleQuery('INSERT INTO `ha...')
#3 C:\xampp\htdocs\Codeigniter\CI4\cereal-program-mis\system\Database\BaseBuilder.php(1771): CodeIgniter\Database\BaseConnection->query('INSERT INTO `ha...', Array, false)
#4 C:\xampp\htdocs\Codeigniter\CI4\cereal-program-mis\system\Model.php(239): CodeIgniter\Database\BaseBuilder->insert()
#5 C:\xampp\htdocs\Codeigniter\CI4\cereal-program-mis\system\BaseModel.php(738): CodeIgniter\Model->doInsert(Array)
#6 C:\xampp\htdocs\Codeigniter\CI4\cereal-program-mis\system\Model.php(625): CodeIgniter\BaseModel->insert(Array, true)
#7 C:\xampp\htdocs\Codeigniter\CI4\cereal-program-mis\app\Controllers\HarvestController.php(118): CodeIgniter\Model->insert(Array)
#8 C:\xampp\htdocs\Codeigniter\CI4\cereal-program-mis\system\CodeIgniter.php(832): App\Controllers\HarvestController->harvestSubmit()
#9 C:\xampp\htdocs\Codeigniter\CI4\cereal-program-mis\system\CodeIgniter.php(419): CodeIgniter\CodeIgniter->runController(Object(App\Controllers\HarvestController))
#10 C:\xampp\htdocs\Codeigniter\CI4\cereal-program-mis\system\CodeIgniter.php(326): CodeIgniter\CodeIgniter->handleRequest(NULL, Object(Config\Cache), false)
#11 C:\xampp\htdocs\Codeigniter\CI4\cereal-program-mis\index.php(37): CodeIgniter\CodeIgniter->run()
#12 {main}
