CRITICAL - 2022-07-09 09:16:48 --> Undefined variable $page_header
#0 C:\xampp\htdocs\Codeigniter\CI4\cereal-program-mis\app\Views\main\home.php(14): CodeIgniter\Debug\Exceptions->errorHandler(2, 'Undefined varia...', 'C:\\xampp\\htdocs...', 14)
#1 C:\xampp\htdocs\Codeigniter\CI4\cereal-program-mis\system\View\View.php(210): include('C:\\xampp\\htdocs...')
#2 C:\xampp\htdocs\Codeigniter\CI4\cereal-program-mis\system\View\View.php(213): CodeIgniter\View\View->CodeIgniter\View\{closure}()
#3 C:\xampp\htdocs\Codeigniter\CI4\cereal-program-mis\system\Common.php(1089): CodeIgniter\View\View->render('main/home', Array, true)
#4 C:\xampp\htdocs\Codeigniter\CI4\cereal-program-mis\app\Controllers\HomeController.php(16): view('main/home', Array)
#5 C:\xampp\htdocs\Codeigniter\CI4\cereal-program-mis\system\CodeIgniter.php(832): App\Controllers\HomeController->index()
#6 C:\xampp\htdocs\Codeigniter\CI4\cereal-program-mis\system\CodeIgniter.php(419): CodeIgniter\CodeIgniter->runController(Object(App\Controllers\HomeController))
#7 C:\xampp\htdocs\Codeigniter\CI4\cereal-program-mis\system\CodeIgniter.php(326): CodeIgniter\CodeIgniter->handleRequest(NULL, Object(Config\Cache), false)
#8 C:\xampp\htdocs\Codeigniter\CI4\cereal-program-mis\public\index.php(37): CodeIgniter\CodeIgniter->run()
#9 {main}
CRITICAL - 2022-07-09 09:17:47 --> Undefined variable $page_header
#0 C:\xampp\htdocs\Codeigniter\CI4\cereal-program-mis\app\Views\main\home.php(14): CodeIgniter\Debug\Exceptions->errorHandler(2, 'Undefined varia...', 'C:\\xampp\\htdocs...', 14)
#1 C:\xampp\htdocs\Codeigniter\CI4\cereal-program-mis\system\View\View.php(210): include('C:\\xampp\\htdocs...')
#2 C:\xampp\htdocs\Codeigniter\CI4\cereal-program-mis\system\View\View.php(213): CodeIgniter\View\View->CodeIgniter\View\{closure}()
#3 C:\xampp\htdocs\Codeigniter\CI4\cereal-program-mis\system\Common.php(1089): CodeIgniter\View\View->render('main/home', Array, true)
#4 C:\xampp\htdocs\Codeigniter\CI4\cereal-program-mis\app\Controllers\HomeController.php(16): view('main/home', Array)
#5 C:\xampp\htdocs\Codeigniter\CI4\cereal-program-mis\system\CodeIgniter.php(832): App\Controllers\HomeController->index()
#6 C:\xampp\htdocs\Codeigniter\CI4\cereal-program-mis\system\CodeIgniter.php(419): CodeIgniter\CodeIgniter->runController(Object(App\Controllers\HomeController))
#7 C:\xampp\htdocs\Codeigniter\CI4\cereal-program-mis\system\CodeIgniter.php(326): CodeIgniter\CodeIgniter->handleRequest(NULL, Object(Config\Cache), false)
#8 C:\xampp\htdocs\Codeigniter\CI4\cereal-program-mis\public\index.php(37): CodeIgniter\CodeIgniter->run()
#9 {main}
