CRITICAL - 2022-07-14 04:37:47 --> syntax error, unexpected token "}"
#0 C:\xampp\htdocs\Codeigniter\CI4\cereal-program-mis\system\CodeIgniter.php(368): CodeIgniter\CodeIgniter->tryToRouteIt(NULL)
#1 C:\xampp\htdocs\Codeigniter\CI4\cereal-program-mis\system\CodeIgniter.php(326): CodeIgniter\CodeIgniter->handleRequest(NULL, Object(Config\Cache), false)
#2 C:\xampp\htdocs\Codeigniter\CI4\cereal-program-mis\index.php(37): CodeIgniter\CodeIgniter->run()
#3 {main}
CRITICAL - 2022-07-14 05:00:50 --> Undefined variable $admins
#0 C:\xampp\htdocs\Codeigniter\CI4\cereal-program-mis\app\Views\pages\view_admins.php(49): CodeIgniter\Debug\Exceptions->errorHandler(2, 'Undefined varia...', 'C:\\xampp\\htdocs...', 49)
#1 C:\xampp\htdocs\Codeigniter\CI4\cereal-program-mis\system\View\View.php(210): include('C:\\xampp\\htdocs...')
#2 C:\xampp\htdocs\Codeigniter\CI4\cereal-program-mis\system\View\View.php(213): CodeIgniter\View\View->CodeIgniter\View\{closure}()
#3 C:\xampp\htdocs\Codeigniter\CI4\cereal-program-mis\system\Common.php(1089): CodeIgniter\View\View->render('pages/view_admi...', Array, true)
#4 C:\xampp\htdocs\Codeigniter\CI4\cereal-program-mis\app\Controllers\AdminController.php(214): view('pages/view_admi...', Array)
#5 C:\xampp\htdocs\Codeigniter\CI4\cereal-program-mis\system\CodeIgniter.php(832): App\Controllers\AdminController->adminView('4')
#6 C:\xampp\htdocs\Codeigniter\CI4\cereal-program-mis\system\CodeIgniter.php(419): CodeIgniter\CodeIgniter->runController(Object(App\Controllers\AdminController))
#7 C:\xampp\htdocs\Codeigniter\CI4\cereal-program-mis\system\CodeIgniter.php(326): CodeIgniter\CodeIgniter->handleRequest(NULL, Object(Config\Cache), false)
#8 C:\xampp\htdocs\Codeigniter\CI4\cereal-program-mis\index.php(37): CodeIgniter\CodeIgniter->run()
#9 {main}
CRITICAL - 2022-07-14 05:14:49 --> syntax error, unexpected variable "$data", expecting "function" or "const"
#0 C:\xampp\htdocs\Codeigniter\CI4\cereal-program-mis\system\Autoloader\Autoloader.php(241): CodeIgniter\Autoloader\Autoloader->includeFile('C:\\xampp\\htdocs...')
#1 C:\xampp\htdocs\Codeigniter\CI4\cereal-program-mis\system\Autoloader\Autoloader.php(219): CodeIgniter\Autoloader\Autoloader->loadInNamespace('App\\Controllers...')
#2 [internal function]: CodeIgniter\Autoloader\Autoloader->loadClass('App\\Controllers...')
#3 C:\xampp\htdocs\Codeigniter\CI4\cereal-program-mis\system\CodeIgniter.php(797): class_exists('\\App\\Controller...', true)
#4 C:\xampp\htdocs\Codeigniter\CI4\cereal-program-mis\system\CodeIgniter.php(406): CodeIgniter\CodeIgniter->startController()
#5 C:\xampp\htdocs\Codeigniter\CI4\cereal-program-mis\system\CodeIgniter.php(326): CodeIgniter\CodeIgniter->handleRequest(NULL, Object(Config\Cache), false)
#6 C:\xampp\htdocs\Codeigniter\CI4\cereal-program-mis\index.php(37): CodeIgniter\CodeIgniter->run()
#7 {main}
CRITICAL - 2022-07-14 05:16:19 --> syntax error, unexpected variable "$data", expecting "function" or "const"
#0 C:\xampp\htdocs\Codeigniter\CI4\cereal-program-mis\system\Autoloader\Autoloader.php(241): CodeIgniter\Autoloader\Autoloader->includeFile('C:\\xampp\\htdocs...')
#1 C:\xampp\htdocs\Codeigniter\CI4\cereal-program-mis\system\Autoloader\Autoloader.php(219): CodeIgniter\Autoloader\Autoloader->loadInNamespace('App\\Controllers...')
#2 [internal function]: CodeIgniter\Autoloader\Autoloader->loadClass('App\\Controllers...')
#3 C:\xampp\htdocs\Codeigniter\CI4\cereal-program-mis\system\CodeIgniter.php(797): class_exists('\\App\\Controller...', true)
#4 C:\xampp\htdocs\Codeigniter\CI4\cereal-program-mis\system\CodeIgniter.php(406): CodeIgniter\CodeIgniter->startController()
#5 C:\xampp\htdocs\Codeigniter\CI4\cereal-program-mis\system\CodeIgniter.php(326): CodeIgniter\CodeIgniter->handleRequest(NULL, Object(Config\Cache), false)
#6 C:\xampp\htdocs\Codeigniter\CI4\cereal-program-mis\index.php(37): CodeIgniter\CodeIgniter->run()
#7 {main}
CRITICAL - 2022-07-14 05:42:15 --> There is no data to update.
#0 C:\xampp\htdocs\Codeigniter\CI4\cereal-program-mis\system\BaseModel.php(846): CodeIgniter\Database\Exceptions\DataException::forEmptyDataset('update')
#1 C:\xampp\htdocs\Codeigniter\CI4\cereal-program-mis\system\Model.php(651): CodeIgniter\BaseModel->update(Array, Array)
#2 C:\xampp\htdocs\Codeigniter\CI4\cereal-program-mis\app\Controllers\AdminController.php(229): CodeIgniter\Model->update('1', Array)
#3 C:\xampp\htdocs\Codeigniter\CI4\cereal-program-mis\system\CodeIgniter.php(832): App\Controllers\AdminController->disable('1')
#4 C:\xampp\htdocs\Codeigniter\CI4\cereal-program-mis\system\CodeIgniter.php(419): CodeIgniter\CodeIgniter->runController(Object(App\Controllers\AdminController))
#5 C:\xampp\htdocs\Codeigniter\CI4\cereal-program-mis\system\CodeIgniter.php(326): CodeIgniter\CodeIgniter->handleRequest(NULL, Object(Config\Cache), false)
#6 C:\xampp\htdocs\Codeigniter\CI4\cereal-program-mis\index.php(37): CodeIgniter\CodeIgniter->run()
#7 {main}
CRITICAL - 2022-07-14 05:58:50 --> syntax error, unexpected token "=", expecting "]"
#0 C:\xampp\htdocs\Codeigniter\CI4\cereal-program-mis\system\Autoloader\Autoloader.php(241): CodeIgniter\Autoloader\Autoloader->includeFile('C:\\xampp\\htdocs...')
#1 C:\xampp\htdocs\Codeigniter\CI4\cereal-program-mis\system\Autoloader\Autoloader.php(219): CodeIgniter\Autoloader\Autoloader->loadInNamespace('App\\Controllers...')
#2 [internal function]: CodeIgniter\Autoloader\Autoloader->loadClass('App\\Controllers...')
#3 C:\xampp\htdocs\Codeigniter\CI4\cereal-program-mis\system\CodeIgniter.php(797): class_exists('\\App\\Controller...', true)
#4 C:\xampp\htdocs\Codeigniter\CI4\cereal-program-mis\system\CodeIgniter.php(406): CodeIgniter\CodeIgniter->startController()
#5 C:\xampp\htdocs\Codeigniter\CI4\cereal-program-mis\system\CodeIgniter.php(326): CodeIgniter\CodeIgniter->handleRequest(NULL, Object(Config\Cache), false)
#6 C:\xampp\htdocs\Codeigniter\CI4\cereal-program-mis\index.php(37): CodeIgniter\CodeIgniter->run()
#7 {main}
CRITICAL - 2022-07-14 05:59:12 --> There is no data to update.
#0 C:\xampp\htdocs\Codeigniter\CI4\cereal-program-mis\system\BaseModel.php(846): CodeIgniter\Database\Exceptions\DataException::forEmptyDataset('update')
#1 C:\xampp\htdocs\Codeigniter\CI4\cereal-program-mis\system\Model.php(651): CodeIgniter\BaseModel->update(Array, Array)
#2 C:\xampp\htdocs\Codeigniter\CI4\cereal-program-mis\app\Controllers\AdminController.php(228): CodeIgniter\Model->update('1', Array)
#3 C:\xampp\htdocs\Codeigniter\CI4\cereal-program-mis\system\CodeIgniter.php(832): App\Controllers\AdminController->disable('1')
#4 C:\xampp\htdocs\Codeigniter\CI4\cereal-program-mis\system\CodeIgniter.php(419): CodeIgniter\CodeIgniter->runController(Object(App\Controllers\AdminController))
#5 C:\xampp\htdocs\Codeigniter\CI4\cereal-program-mis\system\CodeIgniter.php(326): CodeIgniter\CodeIgniter->handleRequest(NULL, Object(Config\Cache), false)
#6 C:\xampp\htdocs\Codeigniter\CI4\cereal-program-mis\index.php(37): CodeIgniter\CodeIgniter->run()
#7 {main}
CRITICAL - 2022-07-14 06:10:49 --> Undefined property: App\Controllers\AdminController::$db
#0 C:\xampp\htdocs\Codeigniter\CI4\cereal-program-mis\app\Controllers\AdminController.php(231): CodeIgniter\Debug\Exceptions->errorHandler(2, 'Undefined prope...', 'C:\\xampp\\htdocs...', 231)
#1 C:\xampp\htdocs\Codeigniter\CI4\cereal-program-mis\system\CodeIgniter.php(832): App\Controllers\AdminController->disable('1')
#2 C:\xampp\htdocs\Codeigniter\CI4\cereal-program-mis\system\CodeIgniter.php(419): CodeIgniter\CodeIgniter->runController(Object(App\Controllers\AdminController))
#3 C:\xampp\htdocs\Codeigniter\CI4\cereal-program-mis\system\CodeIgniter.php(326): CodeIgniter\CodeIgniter->handleRequest(NULL, Object(Config\Cache), false)
#4 C:\xampp\htdocs\Codeigniter\CI4\cereal-program-mis\index.php(37): CodeIgniter\CodeIgniter->run()
#5 {main}
CRITICAL - 2022-07-14 06:13:04 --> Undefined property: App\Controllers\AdminController::$db
#0 C:\xampp\htdocs\Codeigniter\CI4\cereal-program-mis\app\Controllers\AdminController.php(230): CodeIgniter\Debug\Exceptions->errorHandler(2, 'Undefined prope...', 'C:\\xampp\\htdocs...', 230)
#1 C:\xampp\htdocs\Codeigniter\CI4\cereal-program-mis\system\CodeIgniter.php(832): App\Controllers\AdminController->disable('1')
#2 C:\xampp\htdocs\Codeigniter\CI4\cereal-program-mis\system\CodeIgniter.php(419): CodeIgniter\CodeIgniter->runController(Object(App\Controllers\AdminController))
#3 C:\xampp\htdocs\Codeigniter\CI4\cereal-program-mis\system\CodeIgniter.php(326): CodeIgniter\CodeIgniter->handleRequest(NULL, Object(Config\Cache), false)
#4 C:\xampp\htdocs\Codeigniter\CI4\cereal-program-mis\index.php(37): CodeIgniter\CodeIgniter->run()
#5 {main}
CRITICAL - 2022-07-14 06:19:50 --> There is no data to update.
#0 C:\xampp\htdocs\Codeigniter\CI4\cereal-program-mis\system\BaseModel.php(846): CodeIgniter\Database\Exceptions\DataException::forEmptyDataset('update')
#1 C:\xampp\htdocs\Codeigniter\CI4\cereal-program-mis\system\Model.php(651): CodeIgniter\BaseModel->update(Array, Array)
#2 C:\xampp\htdocs\Codeigniter\CI4\cereal-program-mis\app\Controllers\AdminController.php(231): CodeIgniter\Model->update('admin', Array)
#3 C:\xampp\htdocs\Codeigniter\CI4\cereal-program-mis\system\CodeIgniter.php(832): App\Controllers\AdminController->disable('1')
#4 C:\xampp\htdocs\Codeigniter\CI4\cereal-program-mis\system\CodeIgniter.php(419): CodeIgniter\CodeIgniter->runController(Object(App\Controllers\AdminController))
#5 C:\xampp\htdocs\Codeigniter\CI4\cereal-program-mis\system\CodeIgniter.php(326): CodeIgniter\CodeIgniter->handleRequest(NULL, Object(Config\Cache), false)
#6 C:\xampp\htdocs\Codeigniter\CI4\cereal-program-mis\index.php(37): CodeIgniter\CodeIgniter->run()
#7 {main}
CRITICAL - 2022-07-14 06:22:40 --> There is no data to update.
#0 C:\xampp\htdocs\Codeigniter\CI4\cereal-program-mis\system\BaseModel.php(846): CodeIgniter\Database\Exceptions\DataException::forEmptyDataset('update')
#1 C:\xampp\htdocs\Codeigniter\CI4\cereal-program-mis\system\Model.php(651): CodeIgniter\BaseModel->update(Array, Array)
#2 C:\xampp\htdocs\Codeigniter\CI4\cereal-program-mis\app\Controllers\AdminController.php(231): CodeIgniter\Model->update('1', Array)
#3 C:\xampp\htdocs\Codeigniter\CI4\cereal-program-mis\system\CodeIgniter.php(832): App\Controllers\AdminController->disable('1')
#4 C:\xampp\htdocs\Codeigniter\CI4\cereal-program-mis\system\CodeIgniter.php(419): CodeIgniter\CodeIgniter->runController(Object(App\Controllers\AdminController))
#5 C:\xampp\htdocs\Codeigniter\CI4\cereal-program-mis\system\CodeIgniter.php(326): CodeIgniter\CodeIgniter->handleRequest(NULL, Object(Config\Cache), false)
#6 C:\xampp\htdocs\Codeigniter\CI4\cereal-program-mis\index.php(37): CodeIgniter\CodeIgniter->run()
#7 {main}
CRITICAL - 2022-07-14 06:31:50 --> syntax error, unexpected single-quoted string "status", expecting "]"
#0 C:\xampp\htdocs\Codeigniter\CI4\cereal-program-mis\system\Autoloader\Autoloader.php(241): CodeIgniter\Autoloader\Autoloader->includeFile('C:\\xampp\\htdocs...')
#1 C:\xampp\htdocs\Codeigniter\CI4\cereal-program-mis\system\Autoloader\Autoloader.php(219): CodeIgniter\Autoloader\Autoloader->loadInNamespace('App\\Controllers...')
#2 [internal function]: CodeIgniter\Autoloader\Autoloader->loadClass('App\\Controllers...')
#3 C:\xampp\htdocs\Codeigniter\CI4\cereal-program-mis\system\CodeIgniter.php(797): class_exists('\\App\\Controller...', true)
#4 C:\xampp\htdocs\Codeigniter\CI4\cereal-program-mis\system\CodeIgniter.php(406): CodeIgniter\CodeIgniter->startController()
#5 C:\xampp\htdocs\Codeigniter\CI4\cereal-program-mis\system\CodeIgniter.php(326): CodeIgniter\CodeIgniter->handleRequest(NULL, Object(Config\Cache), false)
#6 C:\xampp\htdocs\Codeigniter\CI4\cereal-program-mis\index.php(37): CodeIgniter\CodeIgniter->run()
#7 {main}
CRITICAL - 2022-07-14 06:32:10 --> There is no data to update.
#0 C:\xampp\htdocs\Codeigniter\CI4\cereal-program-mis\system\BaseModel.php(846): CodeIgniter\Database\Exceptions\DataException::forEmptyDataset('update')
#1 C:\xampp\htdocs\Codeigniter\CI4\cereal-program-mis\system\Model.php(651): CodeIgniter\BaseModel->update(Array, Array)
#2 C:\xampp\htdocs\Codeigniter\CI4\cereal-program-mis\system\BaseModel.php(656): CodeIgniter\Model->update('1', Array)
#3 C:\xampp\htdocs\Codeigniter\CI4\cereal-program-mis\app\Controllers\AdminController.php(234): CodeIgniter\BaseModel->save(Array)
#4 C:\xampp\htdocs\Codeigniter\CI4\cereal-program-mis\system\CodeIgniter.php(832): App\Controllers\AdminController->disable('1')
#5 C:\xampp\htdocs\Codeigniter\CI4\cereal-program-mis\system\CodeIgniter.php(419): CodeIgniter\CodeIgniter->runController(Object(App\Controllers\AdminController))
#6 C:\xampp\htdocs\Codeigniter\CI4\cereal-program-mis\system\CodeIgniter.php(326): CodeIgniter\CodeIgniter->handleRequest(NULL, Object(Config\Cache), false)
#7 C:\xampp\htdocs\Codeigniter\CI4\cereal-program-mis\index.php(37): CodeIgniter\CodeIgniter->run()
#8 {main}
CRITICAL - 2022-07-14 06:32:51 --> There is no data to update.
#0 C:\xampp\htdocs\Codeigniter\CI4\cereal-program-mis\system\BaseModel.php(1574): CodeIgniter\Database\Exceptions\DataException::forEmptyDataset('update')
#1 C:\xampp\htdocs\Codeigniter\CI4\cereal-program-mis\system\BaseModel.php(832): CodeIgniter\BaseModel->transformDataToArray(NULL, 'update')
#2 C:\xampp\htdocs\Codeigniter\CI4\cereal-program-mis\system\Model.php(651): CodeIgniter\BaseModel->update(Array, NULL)
#3 C:\xampp\htdocs\Codeigniter\CI4\cereal-program-mis\app\Controllers\AdminController.php(234): CodeIgniter\Model->update(Array)
#4 C:\xampp\htdocs\Codeigniter\CI4\cereal-program-mis\system\CodeIgniter.php(832): App\Controllers\AdminController->disable('1')
#5 C:\xampp\htdocs\Codeigniter\CI4\cereal-program-mis\system\CodeIgniter.php(419): CodeIgniter\CodeIgniter->runController(Object(App\Controllers\AdminController))
#6 C:\xampp\htdocs\Codeigniter\CI4\cereal-program-mis\system\CodeIgniter.php(326): CodeIgniter\CodeIgniter->handleRequest(NULL, Object(Config\Cache), false)
#7 C:\xampp\htdocs\Codeigniter\CI4\cereal-program-mis\index.php(37): CodeIgniter\CodeIgniter->run()
#8 {main}
CRITICAL - 2022-07-14 06:33:05 --> CodeIgniter\BaseModel::transformDataToArray(): Return value must be of type array, string returned
#0 C:\xampp\htdocs\Codeigniter\CI4\cereal-program-mis\system\BaseModel.php(832): CodeIgniter\BaseModel->transformDataToArray('1', 'update')
#1 C:\xampp\htdocs\Codeigniter\CI4\cereal-program-mis\system\Model.php(651): CodeIgniter\BaseModel->update(Array, '1')
#2 C:\xampp\htdocs\Codeigniter\CI4\cereal-program-mis\app\Controllers\AdminController.php(234): CodeIgniter\Model->update(Array, '1')
#3 C:\xampp\htdocs\Codeigniter\CI4\cereal-program-mis\system\CodeIgniter.php(832): App\Controllers\AdminController->disable('1')
#4 C:\xampp\htdocs\Codeigniter\CI4\cereal-program-mis\system\CodeIgniter.php(419): CodeIgniter\CodeIgniter->runController(Object(App\Controllers\AdminController))
#5 C:\xampp\htdocs\Codeigniter\CI4\cereal-program-mis\system\CodeIgniter.php(326): CodeIgniter\CodeIgniter->handleRequest(NULL, Object(Config\Cache), false)
#6 C:\xampp\htdocs\Codeigniter\CI4\cereal-program-mis\index.php(37): CodeIgniter\CodeIgniter->run()
#7 {main}
CRITICAL - 2022-07-14 06:33:21 --> There is no data to update.
#0 C:\xampp\htdocs\Codeigniter\CI4\cereal-program-mis\system\BaseModel.php(846): CodeIgniter\Database\Exceptions\DataException::forEmptyDataset('update')
#1 C:\xampp\htdocs\Codeigniter\CI4\cereal-program-mis\system\Model.php(651): CodeIgniter\BaseModel->update(Array, Array)
#2 C:\xampp\htdocs\Codeigniter\CI4\cereal-program-mis\app\Controllers\AdminController.php(234): CodeIgniter\Model->update('1', Array)
#3 C:\xampp\htdocs\Codeigniter\CI4\cereal-program-mis\system\CodeIgniter.php(832): App\Controllers\AdminController->disable('1')
#4 C:\xampp\htdocs\Codeigniter\CI4\cereal-program-mis\system\CodeIgniter.php(419): CodeIgniter\CodeIgniter->runController(Object(App\Controllers\AdminController))
#5 C:\xampp\htdocs\Codeigniter\CI4\cereal-program-mis\system\CodeIgniter.php(326): CodeIgniter\CodeIgniter->handleRequest(NULL, Object(Config\Cache), false)
#6 C:\xampp\htdocs\Codeigniter\CI4\cereal-program-mis\index.php(37): CodeIgniter\CodeIgniter->run()
#7 {main}
CRITICAL - 2022-07-14 06:33:59 --> There is no data to update.
#0 C:\xampp\htdocs\Codeigniter\CI4\cereal-program-mis\system\BaseModel.php(846): CodeIgniter\Database\Exceptions\DataException::forEmptyDataset('update')
#1 C:\xampp\htdocs\Codeigniter\CI4\cereal-program-mis\system\Model.php(651): CodeIgniter\BaseModel->update(Array, Array)
#2 C:\xampp\htdocs\Codeigniter\CI4\cereal-program-mis\app\Controllers\AdminController.php(222): CodeIgniter\Model->update('1', Array)
#3 C:\xampp\htdocs\Codeigniter\CI4\cereal-program-mis\system\CodeIgniter.php(832): App\Controllers\AdminController->enable('1')
#4 C:\xampp\htdocs\Codeigniter\CI4\cereal-program-mis\system\CodeIgniter.php(419): CodeIgniter\CodeIgniter->runController(Object(App\Controllers\AdminController))
#5 C:\xampp\htdocs\Codeigniter\CI4\cereal-program-mis\system\CodeIgniter.php(326): CodeIgniter\CodeIgniter->handleRequest(NULL, Object(Config\Cache), false)
#6 C:\xampp\htdocs\Codeigniter\CI4\cereal-program-mis\index.php(37): CodeIgniter\CodeIgniter->run()
#7 {main}
CRITICAL - 2022-07-14 06:34:28 --> There is no data to update.
#0 C:\xampp\htdocs\Codeigniter\CI4\cereal-program-mis\system\BaseModel.php(846): CodeIgniter\Database\Exceptions\DataException::forEmptyDataset('update')
#1 C:\xampp\htdocs\Codeigniter\CI4\cereal-program-mis\system\Model.php(651): CodeIgniter\BaseModel->update(Array, Array)
#2 C:\xampp\htdocs\Codeigniter\CI4\cereal-program-mis\app\Controllers\AdminController.php(222): CodeIgniter\Model->update('1', Array)
#3 C:\xampp\htdocs\Codeigniter\CI4\cereal-program-mis\system\CodeIgniter.php(832): App\Controllers\AdminController->enable('1')
#4 C:\xampp\htdocs\Codeigniter\CI4\cereal-program-mis\system\CodeIgniter.php(419): CodeIgniter\CodeIgniter->runController(Object(App\Controllers\AdminController))
#5 C:\xampp\htdocs\Codeigniter\CI4\cereal-program-mis\system\CodeIgniter.php(326): CodeIgniter\CodeIgniter->handleRequest(NULL, Object(Config\Cache), false)
#6 C:\xampp\htdocs\Codeigniter\CI4\cereal-program-mis\index.php(37): CodeIgniter\CodeIgniter->run()
#7 {main}
