CRITICAL - 2022-07-11 01:21:54 --> Undefined array key "firstname"
#0 C:\xampp\htdocs\Codeigniter\CI4\cereal-program-mis\app\Views\template\navbar.php(50): CodeIgniter\Debug\Exceptions->errorHandler(2, 'Undefined array...', 'C:\\xampp\\htdocs...', 50)
#1 C:\xampp\htdocs\Codeigniter\CI4\cereal-program-mis\system\View\View.php(210): include('C:\\xampp\\htdocs...')
#2 C:\xampp\htdocs\Codeigniter\CI4\cereal-program-mis\system\View\View.php(213): CodeIgniter\View\View->CodeIgniter\View\{closure}()
#3 C:\xampp\htdocs\Codeigniter\CI4\cereal-program-mis\system\Common.php(1089): CodeIgniter\View\View->render('template/navbar', Array, true)
#4 C:\xampp\htdocs\Codeigniter\CI4\cereal-program-mis\app\Controllers\DashController.php(25): view('template/navbar', Array)
#5 C:\xampp\htdocs\Codeigniter\CI4\cereal-program-mis\system\CodeIgniter.php(832): App\Controllers\DashController->farmerDashboard()
#6 C:\xampp\htdocs\Codeigniter\CI4\cereal-program-mis\system\CodeIgniter.php(419): CodeIgniter\CodeIgniter->runController(Object(App\Controllers\DashController))
#7 C:\xampp\htdocs\Codeigniter\CI4\cereal-program-mis\system\CodeIgniter.php(326): CodeIgniter\CodeIgniter->handleRequest(NULL, Object(Config\Cache), false)
#8 C:\xampp\htdocs\Codeigniter\CI4\cereal-program-mis\index.php(37): CodeIgniter\CodeIgniter->run()
#9 {main}
CRITICAL - 2022-07-11 02:01:28 --> syntax error, unexpected token ";"
#0 C:\xampp\htdocs\Codeigniter\CI4\cereal-program-mis\system\View\View.php(213): CodeIgniter\View\View->CodeIgniter\View\{closure}()
#1 C:\xampp\htdocs\Codeigniter\CI4\cereal-program-mis\system\Common.php(1089): CodeIgniter\View\View->render('template/sideba...', Array, true)
#2 C:\xampp\htdocs\Codeigniter\CI4\cereal-program-mis\app\Controllers\DashController.php(26): view('template/sideba...', Array)
#3 C:\xampp\htdocs\Codeigniter\CI4\cereal-program-mis\system\CodeIgniter.php(832): App\Controllers\DashController->farmerDashboard()
#4 C:\xampp\htdocs\Codeigniter\CI4\cereal-program-mis\system\CodeIgniter.php(419): CodeIgniter\CodeIgniter->runController(Object(App\Controllers\DashController))
#5 C:\xampp\htdocs\Codeigniter\CI4\cereal-program-mis\system\CodeIgniter.php(326): CodeIgniter\CodeIgniter->handleRequest(NULL, Object(Config\Cache), false)
#6 C:\xampp\htdocs\Codeigniter\CI4\cereal-program-mis\index.php(37): CodeIgniter\CodeIgniter->run()
#7 {main}
CRITICAL - 2022-07-11 04:28:30 --> syntax error, unexpected token "."
#0 C:\xampp\htdocs\Codeigniter\CI4\cereal-program-mis\system\Autoloader\Autoloader.php(241): CodeIgniter\Autoloader\Autoloader->includeFile('C:\\xampp\\htdocs...')
#1 C:\xampp\htdocs\Codeigniter\CI4\cereal-program-mis\system\Autoloader\Autoloader.php(219): CodeIgniter\Autoloader\Autoloader->loadInNamespace('App\\Controllers...')
#2 [internal function]: CodeIgniter\Autoloader\Autoloader->loadClass('App\\Controllers...')
#3 C:\xampp\htdocs\Codeigniter\CI4\cereal-program-mis\system\CodeIgniter.php(797): class_exists('\\App\\Controller...', true)
#4 C:\xampp\htdocs\Codeigniter\CI4\cereal-program-mis\system\CodeIgniter.php(406): CodeIgniter\CodeIgniter->startController()
#5 C:\xampp\htdocs\Codeigniter\CI4\cereal-program-mis\system\CodeIgniter.php(326): CodeIgniter\CodeIgniter->handleRequest(NULL, Object(Config\Cache), false)
#6 C:\xampp\htdocs\Codeigniter\CI4\cereal-program-mis\index.php(37): CodeIgniter\CodeIgniter->run()
#7 {main}
CRITICAL - 2022-07-11 05:28:55 --> syntax error, unexpected token "}"
#0 C:\xampp\htdocs\Codeigniter\CI4\cereal-program-mis\system\CodeIgniter.php(368): CodeIgniter\CodeIgniter->tryToRouteIt(NULL)
#1 C:\xampp\htdocs\Codeigniter\CI4\cereal-program-mis\system\CodeIgniter.php(326): CodeIgniter\CodeIgniter->handleRequest(NULL, Object(Config\Cache), false)
#2 C:\xampp\htdocs\Codeigniter\CI4\cereal-program-mis\index.php(37): CodeIgniter\CodeIgniter->run()
#3 {main}
CRITICAL - 2022-07-11 05:29:08 --> Too few arguments to function CodeIgniter\Router\RouteCollection::get(), 1 passed in C:\xampp\htdocs\Codeigniter\CI4\cereal-program-mis\app\Config\Routes.php on line 54 and at least 2 expected
#0 C:\xampp\htdocs\Codeigniter\CI4\cereal-program-mis\app\Config\Routes.php(54): CodeIgniter\Router\RouteCollection->get('farmer/dashboar...')
#1 C:\xampp\htdocs\Codeigniter\CI4\cereal-program-mis\system\Router\RouteCollection.php(607): CodeIgniter\CodeIgniter->Config\{closure}(Object(CodeIgniter\Router\RouteCollection))
#2 C:\xampp\htdocs\Codeigniter\CI4\cereal-program-mis\app\Config\Routes.php(55): CodeIgniter\Router\RouteCollection->group('', Array, Object(Closure))
#3 C:\xampp\htdocs\Codeigniter\CI4\cereal-program-mis\system\CodeIgniter.php(713): require('C:\\xampp\\htdocs...')
#4 C:\xampp\htdocs\Codeigniter\CI4\cereal-program-mis\system\CodeIgniter.php(368): CodeIgniter\CodeIgniter->tryToRouteIt(Object(CodeIgniter\Router\RouteCollection))
#5 C:\xampp\htdocs\Codeigniter\CI4\cereal-program-mis\system\CodeIgniter.php(326): CodeIgniter\CodeIgniter->handleRequest(NULL, Object(Config\Cache), false)
#6 C:\xampp\htdocs\Codeigniter\CI4\cereal-program-mis\index.php(37): CodeIgniter\CodeIgniter->run()
#7 {main}
CRITICAL - 2022-07-11 05:35:51 --> Too few arguments to function CodeIgniter\Router\RouteCollection::get(), 1 passed in C:\xampp\htdocs\Codeigniter\CI4\cereal-program-mis\app\Config\Routes.php on line 54 and at least 2 expected
#0 C:\xampp\htdocs\Codeigniter\CI4\cereal-program-mis\app\Config\Routes.php(54): CodeIgniter\Router\RouteCollection->get('farmer/dashboar...')
#1 C:\xampp\htdocs\Codeigniter\CI4\cereal-program-mis\system\Router\RouteCollection.php(607): CodeIgniter\CodeIgniter->Config\{closure}(Object(CodeIgniter\Router\RouteCollection))
#2 C:\xampp\htdocs\Codeigniter\CI4\cereal-program-mis\app\Config\Routes.php(55): CodeIgniter\Router\RouteCollection->group('', Array, Object(Closure))
#3 C:\xampp\htdocs\Codeigniter\CI4\cereal-program-mis\system\CodeIgniter.php(713): require('C:\\xampp\\htdocs...')
#4 C:\xampp\htdocs\Codeigniter\CI4\cereal-program-mis\system\CodeIgniter.php(368): CodeIgniter\CodeIgniter->tryToRouteIt(Object(CodeIgniter\Router\RouteCollection))
#5 C:\xampp\htdocs\Codeigniter\CI4\cereal-program-mis\system\CodeIgniter.php(326): CodeIgniter\CodeIgniter->handleRequest(NULL, Object(Config\Cache), false)
#6 C:\xampp\htdocs\Codeigniter\CI4\cereal-program-mis\index.php(37): CodeIgniter\CodeIgniter->run()
#7 {main}
CRITICAL - 2022-07-11 05:37:46 --> Undefined array key "firstname"
#0 C:\xampp\htdocs\Codeigniter\CI4\cereal-program-mis\app\Views\template\navbar.php(50): CodeIgniter\Debug\Exceptions->errorHandler(2, 'Undefined array...', 'C:\\xampp\\htdocs...', 50)
#1 C:\xampp\htdocs\Codeigniter\CI4\cereal-program-mis\system\View\View.php(210): include('C:\\xampp\\htdocs...')
#2 C:\xampp\htdocs\Codeigniter\CI4\cereal-program-mis\system\View\View.php(213): CodeIgniter\View\View->CodeIgniter\View\{closure}()
#3 C:\xampp\htdocs\Codeigniter\CI4\cereal-program-mis\system\Common.php(1089): CodeIgniter\View\View->render('template/navbar', Array, true)
#4 C:\xampp\htdocs\Codeigniter\CI4\cereal-program-mis\app\Controllers\DashController.php(25): view('template/navbar', Array)
#5 C:\xampp\htdocs\Codeigniter\CI4\cereal-program-mis\system\CodeIgniter.php(832): App\Controllers\DashController->farmerDashboard()
#6 C:\xampp\htdocs\Codeigniter\CI4\cereal-program-mis\system\CodeIgniter.php(419): CodeIgniter\CodeIgniter->runController(Object(App\Controllers\DashController))
#7 C:\xampp\htdocs\Codeigniter\CI4\cereal-program-mis\system\CodeIgniter.php(326): CodeIgniter\CodeIgniter->handleRequest(NULL, Object(Config\Cache), false)
#8 C:\xampp\htdocs\Codeigniter\CI4\cereal-program-mis\index.php(37): CodeIgniter\CodeIgniter->run()
#9 {main}
CRITICAL - 2022-07-11 05:37:57 --> Undefined array key "firstname"
#0 C:\xampp\htdocs\Codeigniter\CI4\cereal-program-mis\app\Views\template\navbar.php(50): CodeIgniter\Debug\Exceptions->errorHandler(2, 'Undefined array...', 'C:\\xampp\\htdocs...', 50)
#1 C:\xampp\htdocs\Codeigniter\CI4\cereal-program-mis\system\View\View.php(210): include('C:\\xampp\\htdocs...')
#2 C:\xampp\htdocs\Codeigniter\CI4\cereal-program-mis\system\View\View.php(213): CodeIgniter\View\View->CodeIgniter\View\{closure}()
#3 C:\xampp\htdocs\Codeigniter\CI4\cereal-program-mis\system\Common.php(1089): CodeIgniter\View\View->render('template/navbar', Array, true)
#4 C:\xampp\htdocs\Codeigniter\CI4\cereal-program-mis\app\Controllers\DashController.php(25): view('template/navbar', Array)
#5 C:\xampp\htdocs\Codeigniter\CI4\cereal-program-mis\system\CodeIgniter.php(832): App\Controllers\DashController->farmerDashboard()
#6 C:\xampp\htdocs\Codeigniter\CI4\cereal-program-mis\system\CodeIgniter.php(419): CodeIgniter\CodeIgniter->runController(Object(App\Controllers\DashController))
#7 C:\xampp\htdocs\Codeigniter\CI4\cereal-program-mis\system\CodeIgniter.php(326): CodeIgniter\CodeIgniter->handleRequest(NULL, Object(Config\Cache), false)
#8 C:\xampp\htdocs\Codeigniter\CI4\cereal-program-mis\index.php(37): CodeIgniter\CodeIgniter->run()
#9 {main}
CRITICAL - 2022-07-11 05:38:56 --> Undefined array key "firstname"
#0 C:\xampp\htdocs\Codeigniter\CI4\cereal-program-mis\app\Views\template\navbar.php(50): CodeIgniter\Debug\Exceptions->errorHandler(2, 'Undefined array...', 'C:\\xampp\\htdocs...', 50)
#1 C:\xampp\htdocs\Codeigniter\CI4\cereal-program-mis\system\View\View.php(210): include('C:\\xampp\\htdocs...')
#2 C:\xampp\htdocs\Codeigniter\CI4\cereal-program-mis\system\View\View.php(213): CodeIgniter\View\View->CodeIgniter\View\{closure}()
#3 C:\xampp\htdocs\Codeigniter\CI4\cereal-program-mis\system\Common.php(1089): CodeIgniter\View\View->render('template/navbar', Array, true)
#4 C:\xampp\htdocs\Codeigniter\CI4\cereal-program-mis\app\Controllers\DashController.php(25): view('template/navbar', Array)
#5 C:\xampp\htdocs\Codeigniter\CI4\cereal-program-mis\system\CodeIgniter.php(832): App\Controllers\DashController->farmerDashboard()
#6 C:\xampp\htdocs\Codeigniter\CI4\cereal-program-mis\system\CodeIgniter.php(419): CodeIgniter\CodeIgniter->runController(Object(App\Controllers\DashController))
#7 C:\xampp\htdocs\Codeigniter\CI4\cereal-program-mis\system\CodeIgniter.php(326): CodeIgniter\CodeIgniter->handleRequest(NULL, Object(Config\Cache), false)
#8 C:\xampp\htdocs\Codeigniter\CI4\cereal-program-mis\index.php(37): CodeIgniter\CodeIgniter->run()
#9 {main}
CRITICAL - 2022-07-11 05:46:01 --> Undefined array key "firstname"
#0 C:\xampp\htdocs\Codeigniter\CI4\cereal-program-mis\app\Views\template\navbar.php(50): CodeIgniter\Debug\Exceptions->errorHandler(2, 'Undefined array...', 'C:\\xampp\\htdocs...', 50)
#1 C:\xampp\htdocs\Codeigniter\CI4\cereal-program-mis\system\View\View.php(210): include('C:\\xampp\\htdocs...')
#2 C:\xampp\htdocs\Codeigniter\CI4\cereal-program-mis\system\View\View.php(213): CodeIgniter\View\View->CodeIgniter\View\{closure}()
#3 C:\xampp\htdocs\Codeigniter\CI4\cereal-program-mis\system\Common.php(1089): CodeIgniter\View\View->render('template/navbar', Array, true)
#4 C:\xampp\htdocs\Codeigniter\CI4\cereal-program-mis\app\Controllers\DashController.php(25): view('template/navbar', Array)
#5 C:\xampp\htdocs\Codeigniter\CI4\cereal-program-mis\system\CodeIgniter.php(832): App\Controllers\DashController->farmerDashboard()
#6 C:\xampp\htdocs\Codeigniter\CI4\cereal-program-mis\system\CodeIgniter.php(419): CodeIgniter\CodeIgniter->runController(Object(App\Controllers\DashController))
#7 C:\xampp\htdocs\Codeigniter\CI4\cereal-program-mis\system\CodeIgniter.php(326): CodeIgniter\CodeIgniter->handleRequest(NULL, Object(Config\Cache), false)
#8 C:\xampp\htdocs\Codeigniter\CI4\cereal-program-mis\index.php(37): CodeIgniter\CodeIgniter->run()
#9 {main}
CRITICAL - 2022-07-11 05:47:11 --> Undefined array key "firstname"
#0 C:\xampp\htdocs\Codeigniter\CI4\cereal-program-mis\app\Views\template\navbar.php(50): CodeIgniter\Debug\Exceptions->errorHandler(2, 'Undefined array...', 'C:\\xampp\\htdocs...', 50)
#1 C:\xampp\htdocs\Codeigniter\CI4\cereal-program-mis\system\View\View.php(210): include('C:\\xampp\\htdocs...')
#2 C:\xampp\htdocs\Codeigniter\CI4\cereal-program-mis\system\View\View.php(213): CodeIgniter\View\View->CodeIgniter\View\{closure}()
#3 C:\xampp\htdocs\Codeigniter\CI4\cereal-program-mis\system\Common.php(1089): CodeIgniter\View\View->render('template/navbar', Array, true)
#4 C:\xampp\htdocs\Codeigniter\CI4\cereal-program-mis\app\Controllers\DashController.php(25): view('template/navbar', Array)
#5 C:\xampp\htdocs\Codeigniter\CI4\cereal-program-mis\system\CodeIgniter.php(832): App\Controllers\DashController->farmerDashboard()
#6 C:\xampp\htdocs\Codeigniter\CI4\cereal-program-mis\system\CodeIgniter.php(419): CodeIgniter\CodeIgniter->runController(Object(App\Controllers\DashController))
#7 C:\xampp\htdocs\Codeigniter\CI4\cereal-program-mis\system\CodeIgniter.php(326): CodeIgniter\CodeIgniter->handleRequest(NULL, Object(Config\Cache), false)
#8 C:\xampp\htdocs\Codeigniter\CI4\cereal-program-mis\index.php(37): CodeIgniter\CodeIgniter->run()
#9 {main}
CRITICAL - 2022-07-11 05:50:12 --> Undefined array key "firstname"
#0 C:\xampp\htdocs\Codeigniter\CI4\cereal-program-mis\app\Views\template\navbar.php(50): CodeIgniter\Debug\Exceptions->errorHandler(2, 'Undefined array...', 'C:\\xampp\\htdocs...', 50)
#1 C:\xampp\htdocs\Codeigniter\CI4\cereal-program-mis\system\View\View.php(210): include('C:\\xampp\\htdocs...')
#2 C:\xampp\htdocs\Codeigniter\CI4\cereal-program-mis\system\View\View.php(213): CodeIgniter\View\View->CodeIgniter\View\{closure}()
#3 C:\xampp\htdocs\Codeigniter\CI4\cereal-program-mis\system\Common.php(1089): CodeIgniter\View\View->render('template/navbar', Array, true)
#4 C:\xampp\htdocs\Codeigniter\CI4\cereal-program-mis\app\Controllers\DashController.php(25): view('template/navbar', Array)
#5 C:\xampp\htdocs\Codeigniter\CI4\cereal-program-mis\system\CodeIgniter.php(832): App\Controllers\DashController->farmerDashboard()
#6 C:\xampp\htdocs\Codeigniter\CI4\cereal-program-mis\system\CodeIgniter.php(419): CodeIgniter\CodeIgniter->runController(Object(App\Controllers\DashController))
#7 C:\xampp\htdocs\Codeigniter\CI4\cereal-program-mis\system\CodeIgniter.php(326): CodeIgniter\CodeIgniter->handleRequest(NULL, Object(Config\Cache), false)
#8 C:\xampp\htdocs\Codeigniter\CI4\cereal-program-mis\index.php(37): CodeIgniter\CodeIgniter->run()
#9 {main}
CRITICAL - 2022-07-11 05:50:22 --> Undefined array key "firstname"
#0 C:\xampp\htdocs\Codeigniter\CI4\cereal-program-mis\app\Views\template\navbar.php(50): CodeIgniter\Debug\Exceptions->errorHandler(2, 'Undefined array...', 'C:\\xampp\\htdocs...', 50)
#1 C:\xampp\htdocs\Codeigniter\CI4\cereal-program-mis\system\View\View.php(210): include('C:\\xampp\\htdocs...')
#2 C:\xampp\htdocs\Codeigniter\CI4\cereal-program-mis\system\View\View.php(213): CodeIgniter\View\View->CodeIgniter\View\{closure}()
#3 C:\xampp\htdocs\Codeigniter\CI4\cereal-program-mis\system\Common.php(1089): CodeIgniter\View\View->render('template/navbar', Array, true)
#4 C:\xampp\htdocs\Codeigniter\CI4\cereal-program-mis\app\Controllers\DashController.php(44): view('template/navbar', Array)
#5 C:\xampp\htdocs\Codeigniter\CI4\cereal-program-mis\system\CodeIgniter.php(832): App\Controllers\DashController->farmerProfile()
#6 C:\xampp\htdocs\Codeigniter\CI4\cereal-program-mis\system\CodeIgniter.php(419): CodeIgniter\CodeIgniter->runController(Object(App\Controllers\DashController))
#7 C:\xampp\htdocs\Codeigniter\CI4\cereal-program-mis\system\CodeIgniter.php(326): CodeIgniter\CodeIgniter->handleRequest(NULL, Object(Config\Cache), false)
#8 C:\xampp\htdocs\Codeigniter\CI4\cereal-program-mis\index.php(37): CodeIgniter\CodeIgniter->run()
#9 {main}
CRITICAL - 2022-07-11 05:50:27 --> Undefined array key "firstname"
#0 C:\xampp\htdocs\Codeigniter\CI4\cereal-program-mis\app\Views\template\navbar.php(50): CodeIgniter\Debug\Exceptions->errorHandler(2, 'Undefined array...', 'C:\\xampp\\htdocs...', 50)
#1 C:\xampp\htdocs\Codeigniter\CI4\cereal-program-mis\system\View\View.php(210): include('C:\\xampp\\htdocs...')
#2 C:\xampp\htdocs\Codeigniter\CI4\cereal-program-mis\system\View\View.php(213): CodeIgniter\View\View->CodeIgniter\View\{closure}()
#3 C:\xampp\htdocs\Codeigniter\CI4\cereal-program-mis\system\Common.php(1089): CodeIgniter\View\View->render('template/navbar', Array, true)
#4 C:\xampp\htdocs\Codeigniter\CI4\cereal-program-mis\app\Controllers\DashController.php(25): view('template/navbar', Array)
#5 C:\xampp\htdocs\Codeigniter\CI4\cereal-program-mis\system\CodeIgniter.php(832): App\Controllers\DashController->farmerDashboard()
#6 C:\xampp\htdocs\Codeigniter\CI4\cereal-program-mis\system\CodeIgniter.php(419): CodeIgniter\CodeIgniter->runController(Object(App\Controllers\DashController))
#7 C:\xampp\htdocs\Codeigniter\CI4\cereal-program-mis\system\CodeIgniter.php(326): CodeIgniter\CodeIgniter->handleRequest(NULL, Object(Config\Cache), false)
#8 C:\xampp\htdocs\Codeigniter\CI4\cereal-program-mis\index.php(37): CodeIgniter\CodeIgniter->run()
#9 {main}
CRITICAL - 2022-07-11 05:53:03 --> Undefined array key "firstname"
#0 C:\xampp\htdocs\Codeigniter\CI4\cereal-program-mis\app\Views\template\navbar.php(50): CodeIgniter\Debug\Exceptions->errorHandler(2, 'Undefined array...', 'C:\\xampp\\htdocs...', 50)
#1 C:\xampp\htdocs\Codeigniter\CI4\cereal-program-mis\system\View\View.php(210): include('C:\\xampp\\htdocs...')
#2 C:\xampp\htdocs\Codeigniter\CI4\cereal-program-mis\system\View\View.php(213): CodeIgniter\View\View->CodeIgniter\View\{closure}()
#3 C:\xampp\htdocs\Codeigniter\CI4\cereal-program-mis\system\Common.php(1089): CodeIgniter\View\View->render('template/navbar', Array, true)
#4 C:\xampp\htdocs\Codeigniter\CI4\cereal-program-mis\app\Controllers\DashController.php(25): view('template/navbar', Array)
#5 C:\xampp\htdocs\Codeigniter\CI4\cereal-program-mis\system\CodeIgniter.php(832): App\Controllers\DashController->farmerDashboard()
#6 C:\xampp\htdocs\Codeigniter\CI4\cereal-program-mis\system\CodeIgniter.php(419): CodeIgniter\CodeIgniter->runController(Object(App\Controllers\DashController))
#7 C:\xampp\htdocs\Codeigniter\CI4\cereal-program-mis\system\CodeIgniter.php(326): CodeIgniter\CodeIgniter->handleRequest(NULL, Object(Config\Cache), false)
#8 C:\xampp\htdocs\Codeigniter\CI4\cereal-program-mis\index.php(37): CodeIgniter\CodeIgniter->run()
#9 {main}
CRITICAL - 2022-07-11 07:11:50 --> Undefined array key "firstname"
#0 C:\xampp\htdocs\Codeigniter\CI4\cereal-program-mis\app\Views\template\navbar.php(50): CodeIgniter\Debug\Exceptions->errorHandler(2, 'Undefined array...', 'C:\\xampp\\htdocs...', 50)
#1 C:\xampp\htdocs\Codeigniter\CI4\cereal-program-mis\system\View\View.php(210): include('C:\\xampp\\htdocs...')
#2 C:\xampp\htdocs\Codeigniter\CI4\cereal-program-mis\system\View\View.php(213): CodeIgniter\View\View->CodeIgniter\View\{closure}()
#3 C:\xampp\htdocs\Codeigniter\CI4\cereal-program-mis\system\Common.php(1089): CodeIgniter\View\View->render('template/navbar', Array, true)
#4 C:\xampp\htdocs\Codeigniter\CI4\cereal-program-mis\app\Controllers\DashController.php(25): view('template/navbar', Array)
#5 C:\xampp\htdocs\Codeigniter\CI4\cereal-program-mis\system\CodeIgniter.php(832): App\Controllers\DashController->farmerDashboard()
#6 C:\xampp\htdocs\Codeigniter\CI4\cereal-program-mis\system\CodeIgniter.php(419): CodeIgniter\CodeIgniter->runController(Object(App\Controllers\DashController))
#7 C:\xampp\htdocs\Codeigniter\CI4\cereal-program-mis\system\CodeIgniter.php(326): CodeIgniter\CodeIgniter->handleRequest(NULL, Object(Config\Cache), false)
#8 C:\xampp\htdocs\Codeigniter\CI4\cereal-program-mis\index.php(37): CodeIgniter\CodeIgniter->run()
#9 {main}
CRITICAL - 2022-07-11 07:12:48 --> Undefined array key "firstname"
#0 C:\xampp\htdocs\Codeigniter\CI4\cereal-program-mis\app\Views\template\navbar.php(50): CodeIgniter\Debug\Exceptions->errorHandler(2, 'Undefined array...', 'C:\\xampp\\htdocs...', 50)
#1 C:\xampp\htdocs\Codeigniter\CI4\cereal-program-mis\system\View\View.php(210): include('C:\\xampp\\htdocs...')
#2 C:\xampp\htdocs\Codeigniter\CI4\cereal-program-mis\system\View\View.php(213): CodeIgniter\View\View->CodeIgniter\View\{closure}()
#3 C:\xampp\htdocs\Codeigniter\CI4\cereal-program-mis\system\Common.php(1089): CodeIgniter\View\View->render('template/navbar', Array, true)
#4 C:\xampp\htdocs\Codeigniter\CI4\cereal-program-mis\app\Controllers\DashController.php(25): view('template/navbar', Array)
#5 C:\xampp\htdocs\Codeigniter\CI4\cereal-program-mis\system\CodeIgniter.php(832): App\Controllers\DashController->farmerDashboard()
#6 C:\xampp\htdocs\Codeigniter\CI4\cereal-program-mis\system\CodeIgniter.php(419): CodeIgniter\CodeIgniter->runController(Object(App\Controllers\DashController))
#7 C:\xampp\htdocs\Codeigniter\CI4\cereal-program-mis\system\CodeIgniter.php(326): CodeIgniter\CodeIgniter->handleRequest(NULL, Object(Config\Cache), false)
#8 C:\xampp\htdocs\Codeigniter\CI4\cereal-program-mis\index.php(37): CodeIgniter\CodeIgniter->run()
#9 {main}
CRITICAL - 2022-07-11 07:15:16 --> Undefined array key "firstname"
#0 C:\xampp\htdocs\Codeigniter\CI4\cereal-program-mis\app\Views\template\navbar.php(50): CodeIgniter\Debug\Exceptions->errorHandler(2, 'Undefined array...', 'C:\\xampp\\htdocs...', 50)
#1 C:\xampp\htdocs\Codeigniter\CI4\cereal-program-mis\system\View\View.php(210): include('C:\\xampp\\htdocs...')
#2 C:\xampp\htdocs\Codeigniter\CI4\cereal-program-mis\system\View\View.php(213): CodeIgniter\View\View->CodeIgniter\View\{closure}()
#3 C:\xampp\htdocs\Codeigniter\CI4\cereal-program-mis\system\Common.php(1089): CodeIgniter\View\View->render('template/navbar', Array, true)
#4 C:\xampp\htdocs\Codeigniter\CI4\cereal-program-mis\app\Controllers\DashController.php(25): view('template/navbar', Array)
#5 C:\xampp\htdocs\Codeigniter\CI4\cereal-program-mis\system\CodeIgniter.php(832): App\Controllers\DashController->farmerDashboard()
#6 C:\xampp\htdocs\Codeigniter\CI4\cereal-program-mis\system\CodeIgniter.php(419): CodeIgniter\CodeIgniter->runController(Object(App\Controllers\DashController))
#7 C:\xampp\htdocs\Codeigniter\CI4\cereal-program-mis\system\CodeIgniter.php(326): CodeIgniter\CodeIgniter->handleRequest(NULL, Object(Config\Cache), false)
#8 C:\xampp\htdocs\Codeigniter\CI4\cereal-program-mis\index.php(37): CodeIgniter\CodeIgniter->run()
#9 {main}
CRITICAL - 2022-07-11 07:15:23 --> Undefined array key "firstname"
#0 C:\xampp\htdocs\Codeigniter\CI4\cereal-program-mis\app\Views\template\navbar.php(50): CodeIgniter\Debug\Exceptions->errorHandler(2, 'Undefined array...', 'C:\\xampp\\htdocs...', 50)
#1 C:\xampp\htdocs\Codeigniter\CI4\cereal-program-mis\system\View\View.php(210): include('C:\\xampp\\htdocs...')
#2 C:\xampp\htdocs\Codeigniter\CI4\cereal-program-mis\system\View\View.php(213): CodeIgniter\View\View->CodeIgniter\View\{closure}()
#3 C:\xampp\htdocs\Codeigniter\CI4\cereal-program-mis\system\Common.php(1089): CodeIgniter\View\View->render('template/navbar', Array, true)
#4 C:\xampp\htdocs\Codeigniter\CI4\cereal-program-mis\app\Controllers\DashController.php(25): view('template/navbar', Array)
#5 C:\xampp\htdocs\Codeigniter\CI4\cereal-program-mis\system\CodeIgniter.php(832): App\Controllers\DashController->farmerDashboard()
#6 C:\xampp\htdocs\Codeigniter\CI4\cereal-program-mis\system\CodeIgniter.php(419): CodeIgniter\CodeIgniter->runController(Object(App\Controllers\DashController))
#7 C:\xampp\htdocs\Codeigniter\CI4\cereal-program-mis\system\CodeIgniter.php(326): CodeIgniter\CodeIgniter->handleRequest(NULL, Object(Config\Cache), false)
#8 C:\xampp\htdocs\Codeigniter\CI4\cereal-program-mis\index.php(37): CodeIgniter\CodeIgniter->run()
#9 {main}
CRITICAL - 2022-07-11 07:17:48 --> Undefined array key "firstname"
#0 C:\xampp\htdocs\Codeigniter\CI4\cereal-program-mis\app\Views\template\navbar.php(50): CodeIgniter\Debug\Exceptions->errorHandler(2, 'Undefined array...', 'C:\\xampp\\htdocs...', 50)
#1 C:\xampp\htdocs\Codeigniter\CI4\cereal-program-mis\system\View\View.php(210): include('C:\\xampp\\htdocs...')
#2 C:\xampp\htdocs\Codeigniter\CI4\cereal-program-mis\system\View\View.php(213): CodeIgniter\View\View->CodeIgniter\View\{closure}()
#3 C:\xampp\htdocs\Codeigniter\CI4\cereal-program-mis\system\Common.php(1089): CodeIgniter\View\View->render('template/navbar', Array, true)
#4 C:\xampp\htdocs\Codeigniter\CI4\cereal-program-mis\app\Controllers\DashController.php(25): view('template/navbar', Array)
#5 C:\xampp\htdocs\Codeigniter\CI4\cereal-program-mis\system\CodeIgniter.php(832): App\Controllers\DashController->farmerDashboard()
#6 C:\xampp\htdocs\Codeigniter\CI4\cereal-program-mis\system\CodeIgniter.php(419): CodeIgniter\CodeIgniter->runController(Object(App\Controllers\DashController))
#7 C:\xampp\htdocs\Codeigniter\CI4\cereal-program-mis\system\CodeIgniter.php(326): CodeIgniter\CodeIgniter->handleRequest(NULL, Object(Config\Cache), false)
#8 C:\xampp\htdocs\Codeigniter\CI4\cereal-program-mis\index.php(37): CodeIgniter\CodeIgniter->run()
#9 {main}
CRITICAL - 2022-07-11 07:17:52 --> Undefined array key "firstname"
#0 C:\xampp\htdocs\Codeigniter\CI4\cereal-program-mis\app\Views\template\navbar.php(50): CodeIgniter\Debug\Exceptions->errorHandler(2, 'Undefined array...', 'C:\\xampp\\htdocs...', 50)
#1 C:\xampp\htdocs\Codeigniter\CI4\cereal-program-mis\system\View\View.php(210): include('C:\\xampp\\htdocs...')
#2 C:\xampp\htdocs\Codeigniter\CI4\cereal-program-mis\system\View\View.php(213): CodeIgniter\View\View->CodeIgniter\View\{closure}()
#3 C:\xampp\htdocs\Codeigniter\CI4\cereal-program-mis\system\Common.php(1089): CodeIgniter\View\View->render('template/navbar', Array, true)
#4 C:\xampp\htdocs\Codeigniter\CI4\cereal-program-mis\app\Controllers\DashController.php(25): view('template/navbar', Array)
#5 C:\xampp\htdocs\Codeigniter\CI4\cereal-program-mis\system\CodeIgniter.php(832): App\Controllers\DashController->farmerDashboard()
#6 C:\xampp\htdocs\Codeigniter\CI4\cereal-program-mis\system\CodeIgniter.php(419): CodeIgniter\CodeIgniter->runController(Object(App\Controllers\DashController))
#7 C:\xampp\htdocs\Codeigniter\CI4\cereal-program-mis\system\CodeIgniter.php(326): CodeIgniter\CodeIgniter->handleRequest(NULL, Object(Config\Cache), false)
#8 C:\xampp\htdocs\Codeigniter\CI4\cereal-program-mis\index.php(37): CodeIgniter\CodeIgniter->run()
#9 {main}
CRITICAL - 2022-07-11 07:18:01 --> Undefined array key "firstname"
#0 C:\xampp\htdocs\Codeigniter\CI4\cereal-program-mis\app\Views\template\navbar.php(50): CodeIgniter\Debug\Exceptions->errorHandler(2, 'Undefined array...', 'C:\\xampp\\htdocs...', 50)
#1 C:\xampp\htdocs\Codeigniter\CI4\cereal-program-mis\system\View\View.php(210): include('C:\\xampp\\htdocs...')
#2 C:\xampp\htdocs\Codeigniter\CI4\cereal-program-mis\system\View\View.php(213): CodeIgniter\View\View->CodeIgniter\View\{closure}()
#3 C:\xampp\htdocs\Codeigniter\CI4\cereal-program-mis\system\Common.php(1089): CodeIgniter\View\View->render('template/navbar', Array, true)
#4 C:\xampp\htdocs\Codeigniter\CI4\cereal-program-mis\app\Controllers\DashController.php(25): view('template/navbar', Array)
#5 C:\xampp\htdocs\Codeigniter\CI4\cereal-program-mis\system\CodeIgniter.php(832): App\Controllers\DashController->farmerDashboard()
#6 C:\xampp\htdocs\Codeigniter\CI4\cereal-program-mis\system\CodeIgniter.php(419): CodeIgniter\CodeIgniter->runController(Object(App\Controllers\DashController))
#7 C:\xampp\htdocs\Codeigniter\CI4\cereal-program-mis\system\CodeIgniter.php(326): CodeIgniter\CodeIgniter->handleRequest(NULL, Object(Config\Cache), false)
#8 C:\xampp\htdocs\Codeigniter\CI4\cereal-program-mis\index.php(37): CodeIgniter\CodeIgniter->run()
#9 {main}
CRITICAL - 2022-07-11 07:19:17 --> Undefined array key "firstname"
#0 C:\xampp\htdocs\Codeigniter\CI4\cereal-program-mis\app\Views\template\navbar.php(50): CodeIgniter\Debug\Exceptions->errorHandler(2, 'Undefined array...', 'C:\\xampp\\htdocs...', 50)
#1 C:\xampp\htdocs\Codeigniter\CI4\cereal-program-mis\system\View\View.php(210): include('C:\\xampp\\htdocs...')
#2 C:\xampp\htdocs\Codeigniter\CI4\cereal-program-mis\system\View\View.php(213): CodeIgniter\View\View->CodeIgniter\View\{closure}()
#3 C:\xampp\htdocs\Codeigniter\CI4\cereal-program-mis\system\Common.php(1089): CodeIgniter\View\View->render('template/navbar', Array, true)
#4 C:\xampp\htdocs\Codeigniter\CI4\cereal-program-mis\app\Controllers\DashController.php(25): view('template/navbar', Array)
#5 C:\xampp\htdocs\Codeigniter\CI4\cereal-program-mis\system\CodeIgniter.php(832): App\Controllers\DashController->farmerDashboard()
#6 C:\xampp\htdocs\Codeigniter\CI4\cereal-program-mis\system\CodeIgniter.php(419): CodeIgniter\CodeIgniter->runController(Object(App\Controllers\DashController))
#7 C:\xampp\htdocs\Codeigniter\CI4\cereal-program-mis\system\CodeIgniter.php(326): CodeIgniter\CodeIgniter->handleRequest(NULL, Object(Config\Cache), false)
#8 C:\xampp\htdocs\Codeigniter\CI4\cereal-program-mis\index.php(37): CodeIgniter\CodeIgniter->run()
#9 {main}
CRITICAL - 2022-07-11 07:21:15 --> Undefined array key "firstname"
#0 C:\xampp\htdocs\Codeigniter\CI4\cereal-program-mis\app\Views\template\navbar.php(50): CodeIgniter\Debug\Exceptions->errorHandler(2, 'Undefined array...', 'C:\\xampp\\htdocs...', 50)
#1 C:\xampp\htdocs\Codeigniter\CI4\cereal-program-mis\system\View\View.php(210): include('C:\\xampp\\htdocs...')
#2 C:\xampp\htdocs\Codeigniter\CI4\cereal-program-mis\system\View\View.php(213): CodeIgniter\View\View->CodeIgniter\View\{closure}()
#3 C:\xampp\htdocs\Codeigniter\CI4\cereal-program-mis\system\Common.php(1089): CodeIgniter\View\View->render('template/navbar', Array, true)
#4 C:\xampp\htdocs\Codeigniter\CI4\cereal-program-mis\app\Controllers\DashController.php(25): view('template/navbar', Array)
#5 C:\xampp\htdocs\Codeigniter\CI4\cereal-program-mis\system\CodeIgniter.php(832): App\Controllers\DashController->farmerDashboard()
#6 C:\xampp\htdocs\Codeigniter\CI4\cereal-program-mis\system\CodeIgniter.php(419): CodeIgniter\CodeIgniter->runController(Object(App\Controllers\DashController))
#7 C:\xampp\htdocs\Codeigniter\CI4\cereal-program-mis\system\CodeIgniter.php(326): CodeIgniter\CodeIgniter->handleRequest(NULL, Object(Config\Cache), false)
#8 C:\xampp\htdocs\Codeigniter\CI4\cereal-program-mis\index.php(37): CodeIgniter\CodeIgniter->run()
#9 {main}
CRITICAL - 2022-07-11 15:05:32 --> Undefined variable $userData
#0 C:\xampp\htdocs\Codeigniter\CI4\cereal-program-mis\app\Views\template\navbar.php(50): CodeIgniter\Debug\Exceptions->errorHandler(2, 'Undefined varia...', 'C:\\xampp\\htdocs...', 50)
#1 C:\xampp\htdocs\Codeigniter\CI4\cereal-program-mis\system\View\View.php(210): include('C:\\xampp\\htdocs...')
#2 C:\xampp\htdocs\Codeigniter\CI4\cereal-program-mis\system\View\View.php(213): CodeIgniter\View\View->CodeIgniter\View\{closure}()
#3 C:\xampp\htdocs\Codeigniter\CI4\cereal-program-mis\system\Common.php(1089): CodeIgniter\View\View->render('template/navbar', Array, true)
#4 C:\xampp\htdocs\Codeigniter\CI4\cereal-program-mis\app\Controllers\DashController.php(71): view('template/navbar', Array)
#5 C:\xampp\htdocs\Codeigniter\CI4\cereal-program-mis\system\CodeIgniter.php(832): App\Controllers\DashController->adminDashboard()
#6 C:\xampp\htdocs\Codeigniter\CI4\cereal-program-mis\system\CodeIgniter.php(419): CodeIgniter\CodeIgniter->runController(Object(App\Controllers\DashController))
#7 C:\xampp\htdocs\Codeigniter\CI4\cereal-program-mis\system\CodeIgniter.php(326): CodeIgniter\CodeIgniter->handleRequest(NULL, Object(Config\Cache), false)
#8 C:\xampp\htdocs\Codeigniter\CI4\cereal-program-mis\index.php(37): CodeIgniter\CodeIgniter->run()
#9 {main}
CRITICAL - 2022-07-11 15:17:18 --> syntax error, unexpected token "if"
#0 C:\xampp\htdocs\Codeigniter\CI4\cereal-program-mis\system\View\View.php(213): CodeIgniter\View\View->CodeIgniter\View\{closure}()
#1 C:\xampp\htdocs\Codeigniter\CI4\cereal-program-mis\system\Common.php(1089): CodeIgniter\View\View->render('template/navbar', Array, true)
#2 C:\xampp\htdocs\Codeigniter\CI4\cereal-program-mis\app\Controllers\DashController.php(71): view('template/navbar', Array)
#3 C:\xampp\htdocs\Codeigniter\CI4\cereal-program-mis\system\CodeIgniter.php(832): App\Controllers\DashController->adminDashboard()
#4 C:\xampp\htdocs\Codeigniter\CI4\cereal-program-mis\system\CodeIgniter.php(419): CodeIgniter\CodeIgniter->runController(Object(App\Controllers\DashController))
#5 C:\xampp\htdocs\Codeigniter\CI4\cereal-program-mis\system\CodeIgniter.php(326): CodeIgniter\CodeIgniter->handleRequest(NULL, Object(Config\Cache), false)
#6 C:\xampp\htdocs\Codeigniter\CI4\cereal-program-mis\index.php(37): CodeIgniter\CodeIgniter->run()
#7 {main}
CRITICAL - 2022-07-11 17:30:25 --> Undefined constant "session"
#0 C:\xampp\htdocs\Codeigniter\CI4\cereal-program-mis\system\View\View.php(210): include()
#1 C:\xampp\htdocs\Codeigniter\CI4\cereal-program-mis\system\View\View.php(213): CodeIgniter\View\View->CodeIgniter\View\{closure}()
#2 C:\xampp\htdocs\Codeigniter\CI4\cereal-program-mis\system\Common.php(1089): CodeIgniter\View\View->render('template/sideba...', Array, true)
#3 C:\xampp\htdocs\Codeigniter\CI4\cereal-program-mis\app\Controllers\DashController.php(72): view('template/sideba...', Array)
#4 C:\xampp\htdocs\Codeigniter\CI4\cereal-program-mis\system\CodeIgniter.php(832): App\Controllers\DashController->adminDashboard()
#5 C:\xampp\htdocs\Codeigniter\CI4\cereal-program-mis\system\CodeIgniter.php(419): CodeIgniter\CodeIgniter->runController(Object(App\Controllers\DashController))
#6 C:\xampp\htdocs\Codeigniter\CI4\cereal-program-mis\system\CodeIgniter.php(326): CodeIgniter\CodeIgniter->handleRequest(NULL, Object(Config\Cache), false)
#7 C:\xampp\htdocs\Codeigniter\CI4\cereal-program-mis\index.php(37): CodeIgniter\CodeIgniter->run()
#8 {main}
CRITICAL - 2022-07-11 17:30:49 --> Undefined constant "session"
#0 C:\xampp\htdocs\Codeigniter\CI4\cereal-program-mis\system\View\View.php(210): include()
#1 C:\xampp\htdocs\Codeigniter\CI4\cereal-program-mis\system\View\View.php(213): CodeIgniter\View\View->CodeIgniter\View\{closure}()
#2 C:\xampp\htdocs\Codeigniter\CI4\cereal-program-mis\system\Common.php(1089): CodeIgniter\View\View->render('template/sideba...', Array, true)
#3 C:\xampp\htdocs\Codeigniter\CI4\cereal-program-mis\app\Controllers\DashController.php(72): view('template/sideba...', Array)
#4 C:\xampp\htdocs\Codeigniter\CI4\cereal-program-mis\system\CodeIgniter.php(832): App\Controllers\DashController->adminDashboard()
#5 C:\xampp\htdocs\Codeigniter\CI4\cereal-program-mis\system\CodeIgniter.php(419): CodeIgniter\CodeIgniter->runController(Object(App\Controllers\DashController))
#6 C:\xampp\htdocs\Codeigniter\CI4\cereal-program-mis\system\CodeIgniter.php(326): CodeIgniter\CodeIgniter->handleRequest(NULL, Object(Config\Cache), false)
#7 C:\xampp\htdocs\Codeigniter\CI4\cereal-program-mis\index.php(37): CodeIgniter\CodeIgniter->run()
#8 {main}
