CRITICAL - 2022-08-29 11:25:30 --> Class "App\Controllers\AdminModel" not found
#0 C:\xampp\htdocs\Codeigniter\CI4\cereal-program-mis\system\CodeIgniter.php(832): App\Controllers\RegionController->regionViewAll()
#1 C:\xampp\htdocs\Codeigniter\CI4\cereal-program-mis\system\CodeIgniter.php(419): CodeIgniter\CodeIgniter->runController(Object(App\Controllers\RegionController))
#2 C:\xampp\htdocs\Codeigniter\CI4\cereal-program-mis\system\CodeIgniter.php(326): CodeIgniter\CodeIgniter->handleRequest(NULL, Object(Config\Cache), false)
#3 C:\xampp\htdocs\Codeigniter\CI4\cereal-program-mis\index.php(37): CodeIgniter\CodeIgniter->run()
#4 {main}
CRITICAL - 2022-08-29 11:27:10 --> Undefined variable $adminData
#0 C:\xampp\htdocs\Codeigniter\CI4\cereal-program-mis\app\Views\template\navbar.php(46): CodeIgniter\Debug\Exceptions->errorHandler(2, 'Undefined varia...', 'C:\\xampp\\htdocs...', 46)
#1 C:\xampp\htdocs\Codeigniter\CI4\cereal-program-mis\system\View\View.php(210): include('C:\\xampp\\htdocs...')
#2 C:\xampp\htdocs\Codeigniter\CI4\cereal-program-mis\system\View\View.php(213): CodeIgniter\View\View->CodeIgniter\View\{closure}()
#3 C:\xampp\htdocs\Codeigniter\CI4\cereal-program-mis\system\Common.php(1089): CodeIgniter\View\View->render('template/navbar', Array, true)
#4 C:\xampp\htdocs\Codeigniter\CI4\cereal-program-mis\app\Controllers\RegionController.php(44): view('template/navbar', Array)
#5 C:\xampp\htdocs\Codeigniter\CI4\cereal-program-mis\system\CodeIgniter.php(832): App\Controllers\RegionController->regionViewAll()
#6 C:\xampp\htdocs\Codeigniter\CI4\cereal-program-mis\system\CodeIgniter.php(419): CodeIgniter\CodeIgniter->runController(Object(App\Controllers\RegionController))
#7 C:\xampp\htdocs\Codeigniter\CI4\cereal-program-mis\system\CodeIgniter.php(326): CodeIgniter\CodeIgniter->handleRequest(NULL, Object(Config\Cache), false)
#8 C:\xampp\htdocs\Codeigniter\CI4\cereal-program-mis\index.php(37): CodeIgniter\CodeIgniter->run()
#9 {main}
CRITICAL - 2022-08-29 11:30:29 --> Attempt to read property "district_id" on array
#0 C:\xampp\htdocs\Codeigniter\CI4\cereal-program-mis\app\Views\pages\view_regions.php(52): CodeIgniter\Debug\Exceptions->errorHandler(2, 'Attempt to read...', 'C:\\xampp\\htdocs...', 52)
#1 C:\xampp\htdocs\Codeigniter\CI4\cereal-program-mis\system\View\View.php(210): include('C:\\xampp\\htdocs...')
#2 C:\xampp\htdocs\Codeigniter\CI4\cereal-program-mis\system\View\View.php(213): CodeIgniter\View\View->CodeIgniter\View\{closure}()
#3 C:\xampp\htdocs\Codeigniter\CI4\cereal-program-mis\system\Common.php(1089): CodeIgniter\View\View->render('pages/view_regi...', Array, true)
#4 C:\xampp\htdocs\Codeigniter\CI4\cereal-program-mis\app\Controllers\RegionController.php(52): view('pages/view_regi...', Array)
#5 C:\xampp\htdocs\Codeigniter\CI4\cereal-program-mis\system\CodeIgniter.php(832): App\Controllers\RegionController->regionViewAll()
#6 C:\xampp\htdocs\Codeigniter\CI4\cereal-program-mis\system\CodeIgniter.php(419): CodeIgniter\CodeIgniter->runController(Object(App\Controllers\RegionController))
#7 C:\xampp\htdocs\Codeigniter\CI4\cereal-program-mis\system\CodeIgniter.php(326): CodeIgniter\CodeIgniter->handleRequest(NULL, Object(Config\Cache), false)
#8 C:\xampp\htdocs\Codeigniter\CI4\cereal-program-mis\index.php(37): CodeIgniter\CodeIgniter->run()
#9 {main}
CRITICAL - 2022-08-29 11:36:20 --> Attempt to read property "district_id" on array
#0 C:\xampp\htdocs\Codeigniter\CI4\cereal-program-mis\app\Views\pages\view_regions.php(52): CodeIgniter\Debug\Exceptions->errorHandler(2, 'Attempt to read...', 'C:\\xampp\\htdocs...', 52)
#1 C:\xampp\htdocs\Codeigniter\CI4\cereal-program-mis\system\View\View.php(210): include('C:\\xampp\\htdocs...')
#2 C:\xampp\htdocs\Codeigniter\CI4\cereal-program-mis\system\View\View.php(213): CodeIgniter\View\View->CodeIgniter\View\{closure}()
#3 C:\xampp\htdocs\Codeigniter\CI4\cereal-program-mis\system\Common.php(1089): CodeIgniter\View\View->render('pages/view_regi...', Array, true)
#4 C:\xampp\htdocs\Codeigniter\CI4\cereal-program-mis\app\Controllers\RegionController.php(52): view('pages/view_regi...', Array)
#5 C:\xampp\htdocs\Codeigniter\CI4\cereal-program-mis\system\CodeIgniter.php(832): App\Controllers\RegionController->regionViewAll()
#6 C:\xampp\htdocs\Codeigniter\CI4\cereal-program-mis\system\CodeIgniter.php(419): CodeIgniter\CodeIgniter->runController(Object(App\Controllers\RegionController))
#7 C:\xampp\htdocs\Codeigniter\CI4\cereal-program-mis\system\CodeIgniter.php(326): CodeIgniter\CodeIgniter->handleRequest(NULL, Object(Config\Cache), false)
#8 C:\xampp\htdocs\Codeigniter\CI4\cereal-program-mis\index.php(37): CodeIgniter\CodeIgniter->run()
#9 {main}
CRITICAL - 2022-08-29 11:37:01 --> Undefined variable $district_id
#0 C:\xampp\htdocs\Codeigniter\CI4\cereal-program-mis\app\Views\pages\view_regions.php(52): CodeIgniter\Debug\Exceptions->errorHandler(2, 'Undefined varia...', 'C:\\xampp\\htdocs...', 52)
#1 C:\xampp\htdocs\Codeigniter\CI4\cereal-program-mis\system\View\View.php(210): include('C:\\xampp\\htdocs...')
#2 C:\xampp\htdocs\Codeigniter\CI4\cereal-program-mis\system\View\View.php(213): CodeIgniter\View\View->CodeIgniter\View\{closure}()
#3 C:\xampp\htdocs\Codeigniter\CI4\cereal-program-mis\system\Common.php(1089): CodeIgniter\View\View->render('pages/view_regi...', Array, true)
#4 C:\xampp\htdocs\Codeigniter\CI4\cereal-program-mis\app\Controllers\RegionController.php(52): view('pages/view_regi...', Array)
#5 C:\xampp\htdocs\Codeigniter\CI4\cereal-program-mis\system\CodeIgniter.php(832): App\Controllers\RegionController->regionViewAll()
#6 C:\xampp\htdocs\Codeigniter\CI4\cereal-program-mis\system\CodeIgniter.php(419): CodeIgniter\CodeIgniter->runController(Object(App\Controllers\RegionController))
#7 C:\xampp\htdocs\Codeigniter\CI4\cereal-program-mis\system\CodeIgniter.php(326): CodeIgniter\CodeIgniter->handleRequest(NULL, Object(Config\Cache), false)
#8 C:\xampp\htdocs\Codeigniter\CI4\cereal-program-mis\index.php(37): CodeIgniter\CodeIgniter->run()
#9 {main}
CRITICAL - 2022-08-29 11:37:21 --> Attempt to read property "created_at" on array
#0 C:\xampp\htdocs\Codeigniter\CI4\cereal-program-mis\app\Views\pages\view_regions.php(55): CodeIgniter\Debug\Exceptions->errorHandler(2, 'Attempt to read...', 'C:\\xampp\\htdocs...', 55)
#1 C:\xampp\htdocs\Codeigniter\CI4\cereal-program-mis\system\View\View.php(210): include('C:\\xampp\\htdocs...')
#2 C:\xampp\htdocs\Codeigniter\CI4\cereal-program-mis\system\View\View.php(213): CodeIgniter\View\View->CodeIgniter\View\{closure}()
#3 C:\xampp\htdocs\Codeigniter\CI4\cereal-program-mis\system\Common.php(1089): CodeIgniter\View\View->render('pages/view_regi...', Array, true)
#4 C:\xampp\htdocs\Codeigniter\CI4\cereal-program-mis\app\Controllers\RegionController.php(52): view('pages/view_regi...', Array)
#5 C:\xampp\htdocs\Codeigniter\CI4\cereal-program-mis\system\CodeIgniter.php(832): App\Controllers\RegionController->regionViewAll()
#6 C:\xampp\htdocs\Codeigniter\CI4\cereal-program-mis\system\CodeIgniter.php(419): CodeIgniter\CodeIgniter->runController(Object(App\Controllers\RegionController))
#7 C:\xampp\htdocs\Codeigniter\CI4\cereal-program-mis\system\CodeIgniter.php(326): CodeIgniter\CodeIgniter->handleRequest(NULL, Object(Config\Cache), false)
#8 C:\xampp\htdocs\Codeigniter\CI4\cereal-program-mis\index.php(37): CodeIgniter\CodeIgniter->run()
#9 {main}
